<?xml version="1.0" encoding="utf-8"?><testsuites name="pytest tests"><testsuite name="pytest" errors="0" failures="0" skipped="0" tests="22" time="1.003" timestamp="2026-01-12T09:43:19.911915+00:00" hostname="agent-env-c16920f8-d80b-4a31-92d9-055b5fcbe829"><testcase classname="tests.test_emi_payments.TestEMIPaymentStats" name="test_get_stats_success" time="0.353" /><testcase classname="tests.test_emi_payments.TestEMIPaymentStats" name="test_get_stats_requires_auth" time="0.038" /><testcase classname="tests.test_emi_payments.TestEMISchedules" name="test_get_schedules_success" time="0.011" /><testcase classname="tests.test_emi_payments.TestEMISchedules" name="test_get_schedules_with_limit" time="0.009" /><testcase classname="tests.test_emi_payments.TestEMISchedules" name="test_get_schedules_with_status_filter" time="0.015" /><testcase classname="tests.test_emi_payments.TestEMISchedules" name="test_get_schedules_requires_auth" time="0.039" /><testcase classname="tests.test_emi_payments.TestEMIOverdue" name="test_get_overdue_success" time="0.014" /><testcase classname="tests.test_emi_payments.TestEMIOverdue" name="test_get_overdue_with_min_days" time="0.050" /><testcase classname="tests.test_emi_payments.TestEMIOverdue" name="test_get_overdue_requires_auth" time="0.041" /><testcase classname="tests.test_emi_payments.TestEMIDueSoon" name="test_get_due_soon_success" time="0.009" /><testcase classname="tests.test_emi_payments.TestEMIDueSoon" name="test_get_due_soon_with_days_param" time="0.050" /><testcase classname="tests.test_emi_payments.TestEMIDueSoon" name="test_get_due_soon_requires_auth" time="0.036" /><testcase classname="tests.test_emi_payments.TestEMIScheduleCreation" name="test_create_schedule_requires_booking" time="0.010" /><testcase classname="tests.test_emi_payments.TestEMIScheduleCreation" name="test_create_schedule_requires_auth" time="0.031" /><testcase classname="tests.test_emi_payments.TestEMIPaymentRecording" name="test_record_payment_requires_valid_emi" time="0.009" /><testcase classname="tests.test_emi_payments.TestEMIPaymentRecording" name="test_record_payment_requires_auth" time="0.078" /><testcase classname="tests.test_emi_payments.TestEMILateFeeWaiver" name="test_waive_late_fee_requires_valid_emi" time="0.010" /><testcase classname="tests.test_emi_payments.TestEMILateFeeWaiver" name="test_waive_late_fee_requires_auth" time="0.034" /><testcase classname="tests.test_emi_payments.TestEMIBookingSchedule" name="test_get_booking_schedule_requires_valid_booking" time="0.010" /><testcase classname="tests.test_emi_payments.TestEMIBookingSchedule" name="test_get_booking_schedule_requires_auth" time="0.036" /><testcase classname="tests.test_emi_payments.TestEMISingleSchedule" name="test_get_single_schedule_requires_valid_id" time="0.009" /><testcase classname="tests.test_emi_payments.TestEMISingleSchedule" name="test_get_single_schedule_requires_auth" time="0.037" /></testsuite></testsuites>