<?xml version="1.0" encoding="utf-8"?><testsuites name="pytest tests"><testsuite name="pytest" errors="0" failures="0" skipped="0" tests="18" time="1.144" timestamp="2026-01-12T17:09:47.172547+00:00" hostname="agent-env-f7261539-d716-48fc-bd85-ee53f5637549"><testcase classname="tests.test_project_landing_page.TestProjectPublicAPI" name="test_get_project_landing_page_success" time="0.107" /><testcase classname="tests.test_project_landing_page.TestProjectPublicAPI" name="test_project_has_tenant_info" time="0.042" /><testcase classname="tests.test_project_landing_page.TestProjectPublicAPI" name="test_project_has_properties" time="0.045" /><testcase classname="tests.test_project_landing_page.TestProjectPublicAPI" name="test_project_has_statistics" time="0.049" /><testcase classname="tests.test_project_landing_page.TestProjectPublicAPI" name="test_project_has_price_range" time="0.046" /><testcase classname="tests.test_project_landing_page.TestProjectPublicAPI" name="test_project_has_properties_by_status" time="0.041" /><testcase classname="tests.test_project_landing_page.TestProjectPublicAPI" name="test_project_not_found" time="0.043" /><testcase classname="tests.test_project_landing_page.TestProjectPublicAPI" name="test_project_has_amenities" time="0.044" /><testcase classname="tests.test_project_landing_page.TestTenantPublicAPI" name="test_get_tenant_landing_page_success" time="0.078" /><testcase classname="tests.test_project_landing_page.TestTenantPublicAPI" name="test_tenant_has_projects" time="0.090" /><testcase classname="tests.test_project_landing_page.TestTenantPublicAPI" name="test_tenant_has_statistics" time="0.085" /><testcase classname="tests.test_project_landing_page.TestTenantPublicAPI" name="test_tenant_not_found" time="0.041" /><testcase classname="tests.test_project_landing_page.TestContactInquiryAPI" name="test_submit_inquiry_success" time="0.039" /><testcase classname="tests.test_project_landing_page.TestContactInquiryAPI" name="test_submit_inquiry_without_project" time="0.038" /><testcase classname="tests.test_project_landing_page.TestContactInquiryAPI" name="test_submit_inquiry_missing_required_fields" time="0.076" /><testcase classname="tests.test_project_landing_page.TestPublicPagesNoAuth" name="test_project_page_no_auth_required" time="0.042" /><testcase classname="tests.test_project_landing_page.TestPublicPagesNoAuth" name="test_tenant_page_no_auth_required" time="0.101" /><testcase classname="tests.test_project_landing_page.TestPublicPagesNoAuth" name="test_contact_inquiry_no_auth_required" time="0.044" /></testsuite></testsuites>