<?xml version="1.0" encoding="utf-8"?><testsuites name="pytest tests"><testsuite name="pytest" errors="0" failures="0" skipped="0" tests="24" time="6.776" timestamp="2026-01-17T12:07:08.500723+00:00" hostname="agent-env-14ad12fd-a852-4ded-8680-e481f45c3538"><testcase classname="tests.test_file_upload_service.TestFileUploadService" name="test_upload_requires_authentication" time="0.083" /><testcase classname="tests.test_file_upload_service.TestFileUploadService" name="test_list_files_requires_authentication" time="0.044" /><testcase classname="tests.test_file_upload_service.TestFileUploadService" name="test_upload_single_image_png" time="0.406" /><testcase classname="tests.test_file_upload_service.TestFileUploadService" name="test_upload_single_image_jpeg" time="0.310" /><testcase classname="tests.test_file_upload_service.TestFileUploadService" name="test_upload_pdf_document" time="0.308" /><testcase classname="tests.test_file_upload_service.TestFileUploadService" name="test_upload_with_context_property_media" time="0.308" /><testcase classname="tests.test_file_upload_service.TestFileUploadService" name="test_upload_with_description" time="0.309" /><testcase classname="tests.test_file_upload_service.TestFileUploadService" name="test_upload_multiple_files" time="0.309" /><testcase classname="tests.test_file_upload_service.TestFileUploadService" name="test_upload_multiple_files_max_limit" time="0.339" /><testcase classname="tests.test_file_upload_service.TestFileUploadService" name="test_reject_unsupported_file_type" time="0.304" /><testcase classname="tests.test_file_upload_service.TestFileUploadService" name="test_reject_empty_file" time="0.301" /><testcase classname="tests.test_file_upload_service.TestFileUploadService" name="test_reject_invalid_context" time="0.302" /><testcase classname="tests.test_file_upload_service.TestFileUploadService" name="test_list_files_for_tenant" time="0.306" /><testcase classname="tests.test_file_upload_service.TestFileUploadService" name="test_list_files_with_context_filter" time="0.302" /><testcase classname="tests.test_file_upload_service.TestFileUploadService" name="test_list_files_with_category_filter" time="0.300" /><testcase classname="tests.test_file_upload_service.TestFileUploadService" name="test_serve_uploaded_file" time="0.345" /><testcase classname="tests.test_file_upload_service.TestFileUploadService" name="test_serve_thumbnail" time="0.345" /><testcase classname="tests.test_file_upload_service.TestFileUploadService" name="test_serve_nonexistent_file" time="0.038" /><testcase classname="tests.test_file_upload_service.TestFileUploadService" name="test_serve_file_path_traversal_blocked" time="0.081" /><testcase classname="tests.test_file_upload_service.TestFileUploadService" name="test_delete_file" time="0.365" /><testcase classname="tests.test_file_upload_service.TestFileUploadService" name="test_delete_nonexistent_file" time="0.304" /><testcase classname="tests.test_file_upload_service.TestFileUploadService" name="test_get_property_media" time="0.301" /><testcase classname="tests.test_file_upload_service.TestFileUploadService" name="test_get_file_by_id" time="0.337" /><testcase classname="tests.test_file_upload_service.TestFileUploadService" name="test_get_file_by_id_not_found" time="0.308" /></testsuite></testsuites>