<?xml version="1.0" encoding="utf-8"?><testsuites name="pytest tests"><testsuite name="pytest" errors="0" failures="0" skipped="0" tests="14" time="4.805" timestamp="2026-03-31T09:56:05.980345+00:00" hostname="agent-env-23ef1e62-d6cb-42ea-a3be-63447e38fc49"><testcase classname="backend.tests.test_property_id_features.TestPropertyIdFeatures" name="test_create_property_generates_property_id" time="0.499" /><testcase classname="backend.tests.test_property_id_features.TestPropertyIdFeatures" name="test_property_type_codes_mapping" time="0.773" /><testcase classname="backend.tests.test_property_id_features.TestPropertyIdFeatures" name="test_search_by_property_id_success" time="0.288" /><testcase classname="backend.tests.test_property_id_features.TestPropertyIdFeatures" name="test_search_by_property_id_not_found" time="0.248" /><testcase classname="backend.tests.test_property_id_features.TestPropertyIdFeatures" name="test_search_by_property_id_increments_views" time="0.380" /><testcase classname="backend.tests.test_property_id_features.TestPropertyIdFeatures" name="test_set_cover_image" time="0.288" /><testcase classname="backend.tests.test_property_id_features.TestPropertyIdFeatures" name="test_set_cover_image_invalid_index" time="0.296" /><testcase classname="backend.tests.test_property_id_features.TestPropertyIdFeatures" name="test_reorder_images" time="0.315" /><testcase classname="backend.tests.test_property_id_features.TestPropertyIdFeatures" name="test_delete_property_image_by_index" time="0.287" /><testcase classname="backend.tests.test_property_id_features.TestPropertyIdFeatures" name="test_get_share_data" time="0.346" /><testcase classname="backend.tests.test_property_id_features.TestPropertyIdFeatures" name="test_migrate_property_ids" time="0.191" /><testcase classname="backend.tests.test_property_id_features.TestPropertyIdFeatures" name="test_my_properties_include_property_id" time="0.190" /><testcase classname="backend.tests.test_property_id_features.TestSearchPropertyPublicAccess" name="test_search_by_id_no_auth_required" time="0.299" /><testcase classname="backend.tests.test_property_id_features.TestLeadCreationFromSearch" name="test_create_lead_from_search_result" time="0.333" /></testsuite></testsuites>