<?xml version="1.0" encoding="utf-8"?><testsuites name="pytest tests"><testsuite name="pytest" errors="0" failures="0" skipped="0" tests="21" time="4.972" timestamp="2026-01-14T12:34:19.460195+00:00" hostname="agent-env-cb14682d-81f3-4579-a868-f5d61f7835a3"><testcase classname="tests.test_email_api.TestEmailPublicEndpoints" name="test_email_status_returns_mock_mode" time="0.073" /><testcase classname="tests.test_email_api.TestEmailPublicEndpoints" name="test_email_templates_list" time="0.043" /><testcase classname="tests.test_email_api.TestEmailAuthenticatedEndpoints" name="test_email_stats" time="0.311" /><testcase classname="tests.test_email_api.TestEmailAuthenticatedEndpoints" name="test_email_logs" time="0.348" /><testcase classname="tests.test_email_api.TestEmailAuthenticatedEndpoints" name="test_email_logs_with_pagination" time="0.300" /><testcase classname="tests.test_email_api.TestEmailAuthenticatedEndpoints" name="test_send_test_email_welcome" time="0.299" /><testcase classname="tests.test_email_api.TestEmailAuthenticatedEndpoints" name="test_send_test_email_otp" time="0.296" /><testcase classname="tests.test_email_api.TestEmailAuthenticatedEndpoints" name="test_send_test_email_password_reset" time="0.304" /><testcase classname="tests.test_email_api.TestEmailAuthenticatedEndpoints" name="test_send_test_email_booking_confirmation" time="0.339" /><testcase classname="tests.test_email_api.TestEmailAuthenticatedEndpoints" name="test_send_test_email_payment_confirmation" time="0.335" /><testcase classname="tests.test_email_api.TestEmailAuthenticatedEndpoints" name="test_send_test_email_payment_reminder" time="0.294" /><testcase classname="tests.test_email_api.TestEmailAuthenticatedEndpoints" name="test_send_test_email_site_visit" time="0.296" /><testcase classname="tests.test_email_api.TestEmailAuthenticatedEndpoints" name="test_send_test_email_invalid_template" time="0.330" /><testcase classname="tests.test_email_api.TestEmailAuthenticatedEndpoints" name="test_preview_email_welcome" time="0.294" /><testcase classname="tests.test_email_api.TestEmailAuthenticatedEndpoints" name="test_preview_email_booking_confirmation" time="0.292" /><testcase classname="tests.test_email_api.TestEmailAuthenticatedEndpoints" name="test_preview_email_payment_reminder" time="0.300" /><testcase classname="tests.test_email_api.TestEmailAuthenticatedEndpoints" name="test_preview_email_invalid_template" time="0.292" /><testcase classname="tests.test_email_api.TestEmailAuthorizationErrors" name="test_stats_without_auth" time="0.034" /><testcase classname="tests.test_email_api.TestEmailAuthorizationErrors" name="test_logs_without_auth" time="0.034" /><testcase classname="tests.test_email_api.TestEmailAuthorizationErrors" name="test_send_test_without_auth" time="0.034" /><testcase classname="tests.test_email_api.TestEmailAuthorizationErrors" name="test_preview_without_auth" time="0.032" /></testsuite></testsuites>