<?xml version="1.0" encoding="utf-8"?><testsuites name="pytest tests"><testsuite name="pytest" errors="0" failures="0" skipped="0" tests="10" time="3.504" timestamp="2026-01-12T16:52:37.381925+00:00" hostname="agent-env-f7261539-d716-48fc-bd85-ee53f5637549"><testcase classname="tests.test_commission_analytics.TestCommissionAnalyticsAPI" name="test_login_success" time="0.581" /><testcase classname="tests.test_commission_analytics.TestCommissionAnalyticsAPI" name="test_dashboard_endpoint" time="0.278" /><testcase classname="tests.test_commission_analytics.TestCommissionAnalyticsAPI" name="test_dashboard_with_project_filter" time="0.366" /><testcase classname="tests.test_commission_analytics.TestCommissionAnalyticsAPI" name="test_trends_endpoint" time="0.297" /><testcase classname="tests.test_commission_analytics.TestCommissionAnalyticsAPI" name="test_trends_quarterly" time="0.277" /><testcase classname="tests.test_commission_analytics.TestCommissionAnalyticsAPI" name="test_top_performers_endpoint" time="0.315" /><testcase classname="tests.test_commission_analytics.TestCommissionAnalyticsAPI" name="test_top_performers_all_time" time="0.270" /><testcase classname="tests.test_commission_analytics.TestCommissionAnalyticsAPI" name="test_project_breakdown_endpoint" time="0.321" /><testcase classname="tests.test_commission_analytics.TestCommissionAnalyticsAPI" name="test_payout_summary_endpoint" time="0.312" /><testcase classname="tests.test_commission_analytics.TestCommissionAnalyticsAPI" name="test_unauthorized_access" time="0.405" /></testsuite></testsuites>