<?xml version="1.0" encoding="utf-8"?><testsuites name="pytest tests"><testsuite name="pytest" errors="0" failures="0" skipped="0" tests="10" time="4.737" timestamp="2026-03-31T10:43:24.952215+00:00" hostname="agent-env-23ef1e62-d6cb-42ea-a3be-63447e38fc49"><testcase classname="backend.tests.test_property_notes_radius.TestPropertyNotes" name="test_add_notes_to_property" time="0.623" /><testcase classname="backend.tests.test_property_notes_radius.TestPropertyNotes" name="test_partial_update_only_notes" time="0.661" /><testcase classname="backend.tests.test_property_notes_radius.TestPropertyNotes" name="test_delete_note_from_property" time="0.646" /><testcase classname="backend.tests.test_property_notes_radius.TestPropertyNotes" name="test_add_youtube_videos_to_property" time="0.520" /><testcase classname="backend.tests.test_property_notes_radius.TestRadiusFiltering" name="test_get_properties_with_radius_filter" time="0.316" /><testcase classname="backend.tests.test_property_notes_radius.TestRadiusFiltering" name="test_radius_filter_with_different_values" time="0.415" /><testcase classname="backend.tests.test_property_notes_radius.TestRadiusFiltering" name="test_properties_sorted_by_distance" time="0.303" /><testcase classname="backend.tests.test_property_notes_radius.TestRadiusFiltering" name="test_radius_filter_with_property_type" time="0.341" /><testcase classname="backend.tests.test_property_notes_radius.TestPropertyCreateModel" name="test_create_property_with_notes" time="0.417" /><testcase classname="backend.tests.test_property_notes_radius.TestPropertyCreateModel" name="test_create_property_with_youtube_videos" time="0.439" /></testsuite></testsuites>