<?xml version="1.0" encoding="utf-8"?><testsuites name="pytest tests"><testsuite name="pytest" errors="0" failures="2" skipped="0" tests="14" time="5.075" timestamp="2026-01-13T11:07:53.742729+00:00" hostname="agent-env-1441ffac-3f17-43d0-ba98-099e24be95c6"><testcase classname="tests.test_remember_me_stripe.TestRememberMeFunctionality" name="test_login_with_remember_me_true" time="0.306" /><testcase classname="tests.test_remember_me_stripe.TestRememberMeFunctionality" name="test_login_with_remember_me_false" time="0.261" /><testcase classname="tests.test_remember_me_stripe.TestRememberMeFunctionality" name="test_login_without_remember_me_defaults_to_false" time="0.259" /><testcase classname="tests.test_remember_me_stripe.TestRememberMeFunctionality" name="test_login_user_data_returned" time="0.262" /><testcase classname="tests.test_remember_me_stripe.TestStripePaymentPackages" name="test_get_payment_packages" time="0.297" /><testcase classname="tests.test_remember_me_stripe.TestStripePaymentStats" name="test_get_payment_stats" time="0.296" /><testcase classname="tests.test_remember_me_stripe.TestStripeCheckoutSession" name="test_create_checkout_session_with_custom_amount" time="0.675"><failure message="AssertionError: Missing stripe_session_id in response&#10;assert 'stripe_session_id' in {'checkout_url': 'https://checkout.stripe.com/c/pay/cs_test_a1ebMSWOCWOPaEdDrR7jed4tUjG5YPhgBbfdOcS5u7raXLEc4RI49VnEYR#fidnandhYHdWcXxpYCc%2FJ2FgY2RwaXEnKSdkdWxOYHwnPyd1blpxYHZxWjA0V2xNT25GMUpjXTRCPFZWf11pVVxyM0NdNmZHN193MkNLVTJLRGlBTUldTDRNQFFITE81QEBmRG5LUWl2UW8yQkdgQVNxV1RMPGBUMzJuYWs2TmFhMEhQNTVSYmNqMEZQYycpJ2N3amhWYHdzYHcnP3F3cGApJ2dkZm5id2pwa2FGamlqdyc%2FJyZjY2NjY2MnKSdpZHxqcHFRfHVgJz8ndmxrYmlgWmxxYGgnKSdga2RnaWBVaWRmYG1qaWFgd3YnP3F3cGB4JSUl', 'session_id': 'cs_test_a1ebMSWOCWOPaEdDrR7jed4tUjG5YPhgBbfdOcS5u7raXLEc4RI49VnEYR', 'transaction_id': 'txn_847c00700c9745d1'}">tests/test_remember_me_stripe.py:301: in test_create_checkout_session_with_custom_amount
    assert "stripe_session_id" in data, "Missing stripe_session_id in response"
E   AssertionError: Missing stripe_session_id in response
E   assert 'stripe_session_id' in {'checkout_url': 'https://checkout.stripe.com/c/pay/cs_test_a1ebMSWOCWOPaEdDrR7jed4tUjG5YPhgBbfdOcS5u7raXLEc4RI49VnEYR#fidnandhYHdWcXxpYCc%2FJ2FgY2RwaXEnKSdkdWxOYHwnPyd1blpxYHZxWjA0V2xNT25GMUpjXTRCPFZWf11pVVxyM0NdNmZHN193MkNLVTJLRGlBTUldTDRNQFFITE81QEBmRG5LUWl2UW8yQkdgQVNxV1RMPGBUMzJuYWs2TmFhMEhQNTVSYmNqMEZQYycpJ2N3amhWYHdzYHcnP3F3cGApJ2dkZm5id2pwa2FGamlqdyc%2FJyZjY2NjY2MnKSdpZHxqcHFRfHVgJz8ndmxrYmlgWmxxYGgnKSdga2RnaWBVaWRmYG1qaWFgd3YnP3F3cGB4JSUl', 'session_id': 'cs_test_a1ebMSWOCWOPaEdDrR7jed4tUjG5YPhgBbfdOcS5u7raXLEc4RI49VnEYR', 'transaction_id': 'txn_847c00700c9745d1'}</failure></testcase><testcase classname="tests.test_remember_me_stripe.TestStripeCheckoutSession" name="test_create_checkout_session_with_booking_token_package" time="0.693" /><testcase classname="tests.test_remember_me_stripe.TestStripeCheckoutSession" name="test_create_checkout_session_requires_auth" time="0.811"><failure message="AssertionError: Expected 401, got 200&#10;assert 200 == 401&#10; +  where 200 = &lt;Response [200]&gt;.status_code">tests/test_remember_me_stripe.py:343: in test_create_checkout_session_requires_auth
    assert response.status_code == 401, f"Expected 401, got {response.status_code}"
E   AssertionError: Expected 401, got 200
E   assert 200 == 401
E    +  where 200 = &lt;Response [200]&gt;.status_code</failure></testcase><testcase classname="tests.test_remember_me_stripe.TestStripeTransactions" name="test_get_transactions_list" time="0.307" /><testcase classname="tests.test_remember_me_stripe.TestStripeTransactions" name="test_get_transactions_with_status_filter" time="0.339" /><testcase classname="tests.test_remember_me_stripe.TestAuthenticationEndpoints" name="test_login_invalid_credentials" time="0.078" /><testcase classname="tests.test_remember_me_stripe.TestAuthenticationEndpoints" name="test_login_missing_password" time="0.032" /><testcase classname="tests.test_remember_me_stripe.TestAuthenticationEndpoints" name="test_get_current_user" time="0.335" /></testsuite></testsuites>