<?xml version="1.0" encoding="utf-8"?><testsuites name="pytest tests"><testsuite name="pytest" errors="0" failures="0" skipped="2" tests="5" time="6.495" timestamp="2026-03-31T04:32:59.265231+00:00" hostname="agent-env-0f92cafa-d13b-4a55-90a3-170a4176c28b"><testcase classname="tests.test_file_upload_v3.TestFileUploadAPI" name="test_image_upload_returns_url_and_file_url" time="2.679" /><testcase classname="tests.test_file_upload_v3.TestFileUploadAPI" name="test_uploaded_image_can_be_served" time="0.112" /><testcase classname="tests.test_file_upload_v3.TestFileUploadAPI" name="test_multiple_image_upload" time="0.513" /><testcase classname="tests.test_file_upload_v3.TestPublicLayoutLocation" name="test_get_public_layout_with_plot_coordinates" time="1.614"><skipped type="pytest.skip" message="No projects available to test">/app/backend/tests/test_file_upload_v3.py:205: No projects available to test</skipped></testcase><testcase classname="tests.test_file_upload_v3.TestPropertyImagesInSave" name="test_property_images_have_valid_urls" time="1.515"><skipped type="pytest.skip" message="Cannot fetch projects">/app/backend/tests/test_file_upload_v3.py:279: Cannot fetch projects</skipped></testcase></testsuite></testsuites>