<?xml version="1.0" encoding="utf-8"?><testsuites name="pytest tests"><testsuite name="pytest" errors="0" failures="1" skipped="0" tests="6" time="1.211" timestamp="2026-03-08T17:17:26.034343+00:00" hostname="agent-env-9a7af26b-53d6-4baf-8bb2-0fa7a2e884de"><testcase classname="backend.tests.test_seo_articles.TestSEOArticlesPublic" name="test_seo_articles_listing" time="0.153" /><testcase classname="backend.tests.test_seo_articles.TestSEOArticlesPublic" name="test_seo_article_by_slug_existing" time="0.118" /><testcase classname="backend.tests.test_seo_articles.TestSEOArticlesPublic" name="test_seo_article_by_slug_not_found" time="0.125" /><testcase classname="backend.tests.test_seo_articles.TestYouTubeContentHistory" name="test_youtube_content_history" time="0.129" /><testcase classname="backend.tests.test_seo_articles.TestYouTubeContentHistory" name="test_youtube_categories" time="0.112" /><testcase classname="backend.tests.test_seo_articles.TestPublishContentAuth" name="test_publish_requires_valid_content_id" time="0.495"><failure message="assert 500 == 404&#10; +  where 500 = &lt;Response [500]&gt;.status_code">backend/tests/test_seo_articles.py:130: in test_publish_requires_valid_content_id
    assert response.status_code == 404
E   assert 500 == 404
E    +  where 500 = &lt;Response [500]&gt;.status_code</failure></testcase></testsuite></testsuites>