<?xml version="1.0" encoding="utf-8"?><testsuites name="pytest tests"><testsuite name="pytest" errors="0" failures="0" skipped="0" tests="30" time="1.834" timestamp="2026-01-12T05:07:27.322057+00:00" hostname="agent-env-1ff34f67-12a2-4653-938f-7a82d3af75cc"><testcase classname="tests.test_site_visits_booking_queue.TestSiteVisitsBasic" name="test_get_all_visits" time="0.327" /><testcase classname="tests.test_site_visits_booking_queue.TestSiteVisitsBasic" name="test_get_today_visits" time="0.013" /><testcase classname="tests.test_site_visits_booking_queue.TestSiteVisitsBasic" name="test_get_upcoming_visits" time="0.012" /><testcase classname="tests.test_site_visits_booking_queue.TestSiteVisitsBasic" name="test_get_my_visits" time="0.050" /><testcase classname="tests.test_site_visits_booking_queue.TestSiteVisitsBasic" name="test_get_visit_stats" time="0.019" /><testcase classname="tests.test_site_visits_booking_queue.TestSiteVisitWorkflow" name="test_schedule_visit" time="0.011" /><testcase classname="tests.test_site_visits_booking_queue.TestSiteVisitWorkflow" name="test_get_visit_by_id" time="0.049" /><testcase classname="tests.test_site_visits_booking_queue.TestSiteVisitWorkflow" name="test_confirm_visit" time="0.060" /><testcase classname="tests.test_site_visits_booking_queue.TestSiteVisitWorkflow" name="test_start_visit" time="0.060" /><testcase classname="tests.test_site_visits_booking_queue.TestSiteVisitWorkflow" name="test_complete_visit" time="0.021" /><testcase classname="tests.test_site_visits_booking_queue.TestSiteVisitCancelReschedule" name="test_schedule_and_cancel_visit" time="0.035" /><testcase classname="tests.test_site_visits_booking_queue.TestSiteVisitCancelReschedule" name="test_schedule_and_reschedule_visit" time="0.082" /><testcase classname="tests.test_site_visits_booking_queue.TestSiteVisitNoShow" name="test_mark_no_show" time="0.084" /><testcase classname="tests.test_site_visits_booking_queue.TestSiteVisitFilters" name="test_filter_by_status" time="0.010" /><testcase classname="tests.test_site_visits_booking_queue.TestSiteVisitFilters" name="test_filter_by_project" time="0.012" /><testcase classname="tests.test_site_visits_booking_queue.TestBookingQueueBasic" name="test_get_all_queue_entries" time="0.010" /><testcase classname="tests.test_site_visits_booking_queue.TestBookingQueueBasic" name="test_get_queue_stats" time="0.019" /><testcase classname="tests.test_site_visits_booking_queue.TestBookingQueueWorkflow" name="test_add_to_queue" time="0.014" /><testcase classname="tests.test_site_visits_booking_queue.TestBookingQueueWorkflow" name="test_get_queue_entry_by_id" time="0.050" /><testcase classname="tests.test_site_visits_booking_queue.TestBookingQueueWorkflow" name="test_notify_queue_member" time="0.018" /><testcase classname="tests.test_site_visits_booking_queue.TestBookingQueueWorkflow" name="test_record_interested_response" time="0.061" /><testcase classname="tests.test_site_visits_booking_queue.TestBookingQueueNotInterested" name="test_add_and_respond_not_interested" time="0.128" /><testcase classname="tests.test_site_visits_booking_queue.TestBookingQueueMoveUp" name="test_move_up_in_queue" time="0.147" /><testcase classname="tests.test_site_visits_booking_queue.TestBookingQueueCancel" name="test_cancel_queue_entry" time="0.071" /><testcase classname="tests.test_site_visits_booking_queue.TestBookingQueueDuplicateCheck" name="test_prevent_duplicate_queue_entry" time="0.020" /><testcase classname="tests.test_site_visits_booking_queue.TestBookingQueuePropertyQueue" name="test_get_property_queue" time="0.022" /><testcase classname="tests.test_site_visits_booking_queue.TestBookingQueueFilters" name="test_filter_by_status" time="0.009" /><testcase classname="tests.test_site_visits_booking_queue.TestBookingQueueFilters" name="test_filter_by_project" time="0.009" /><testcase classname="tests.test_site_visits_booking_queue.TestCleanup" name="test_cleanup_test_visits" time="0.135" /><testcase classname="tests.test_site_visits_booking_queue.TestCleanup" name="test_cleanup_test_queue_entries" time="0.167" /></testsuite></testsuites>