<?xml version="1.0" encoding="utf-8"?><testsuites name="pytest tests"><testsuite name="pytest" errors="0" failures="1" skipped="0" tests="13" time="1.066" timestamp="2026-01-17T10:20:23.326556+00:00" hostname="agent-env-8147d490-a4a1-4980-b75a-b7c998566f44"><testcase classname="tests.test_certified_property.TestPublicCertifiedPropertyEndpoints" name="test_get_certified_property_public" time="0.079" /><testcase classname="tests.test_certified_property.TestPublicCertifiedPropertyEndpoints" name="test_get_certified_property_location_source" time="0.044" /><testcase classname="tests.test_certified_property.TestPublicCertifiedPropertyEndpoints" name="test_get_certified_property_not_found" time="0.041" /><testcase classname="tests.test_certified_property.TestPublicCertifiedPropertyEndpoints" name="test_get_property_qr_data" time="0.042" /><testcase classname="tests.test_certified_property.TestAuthenticatedCertifiedPropertyEndpoints" name="test_update_property_location" time="0.319" /><testcase classname="tests.test_certified_property.TestAuthenticatedCertifiedPropertyEndpoints" name="test_update_property_media_images" time="0.051" /><testcase classname="tests.test_certified_property.TestAuthenticatedCertifiedPropertyEndpoints" name="test_update_property_media_videos" time="0.055" /><testcase classname="tests.test_certified_property.TestAuthenticatedCertifiedPropertyEndpoints" name="test_certify_property" time="0.039"><failure message="AssertionError: Expected 200, got 422: {&quot;detail&quot;:[{&quot;type&quot;:&quot;missing&quot;,&quot;loc&quot;:[&quot;body&quot;,&quot;property_id&quot;],&quot;msg&quot;:&quot;Field required&quot;,&quot;input&quot;:{},&quot;url&quot;:&quot;https://errors.pydantic.dev/2.12/v/missing&quot;}]}&#10;assert 422 == 200&#10; +  where 422 = &lt;Response [422]&gt;.status_code">tests/test_certified_property.py:238: in test_certify_property
    assert response.status_code == 200, f"Expected 200, got {response.status_code}: {response.text}"
E   AssertionError: Expected 200, got 422: {"detail":[{"type":"missing","loc":["body","property_id"],"msg":"Field required","input":{},"url":"https://errors.pydantic.dev/2.12/v/missing"}]}
E   assert 422 == 200
E    +  where 422 = &lt;Response [422]&gt;.status_code</failure></testcase><testcase classname="tests.test_certified_property.TestAuthenticatedCertifiedPropertyEndpoints" name="test_uncertify_property" time="0.102" /><testcase classname="tests.test_certified_property.TestAuthenticationRequired" name="test_update_location_requires_auth" time="0.040" /><testcase classname="tests.test_certified_property.TestAuthenticationRequired" name="test_update_media_requires_auth" time="0.042" /><testcase classname="tests.test_certified_property.TestAuthenticationRequired" name="test_certify_requires_auth" time="0.037" /><testcase classname="tests.test_certified_property.TestPropertyEndpoint" name="test_get_property_details" time="0.038" /></testsuite></testsuites>