<?xml version="1.0" encoding="utf-8"?><testsuites name="pytest tests"><testsuite name="pytest" errors="0" failures="0" skipped="0" tests="13" time="0.985" timestamp="2026-01-17T10:20:45.952951+00:00" hostname="agent-env-8147d490-a4a1-4980-b75a-b7c998566f44"><testcase classname="tests.test_certified_property.TestPublicCertifiedPropertyEndpoints" name="test_get_certified_property_public" time="0.067" /><testcase classname="tests.test_certified_property.TestPublicCertifiedPropertyEndpoints" name="test_get_certified_property_location_source" time="0.041" /><testcase classname="tests.test_certified_property.TestPublicCertifiedPropertyEndpoints" name="test_get_certified_property_not_found" time="0.039" /><testcase classname="tests.test_certified_property.TestPublicCertifiedPropertyEndpoints" name="test_get_property_qr_data" time="0.042" /><testcase classname="tests.test_certified_property.TestAuthenticatedCertifiedPropertyEndpoints" name="test_update_property_location" time="0.316" /><testcase classname="tests.test_certified_property.TestAuthenticatedCertifiedPropertyEndpoints" name="test_update_property_media_images" time="0.090" /><testcase classname="tests.test_certified_property.TestAuthenticatedCertifiedPropertyEndpoints" name="test_update_property_media_videos" time="0.049" /><testcase classname="tests.test_certified_property.TestAuthenticatedCertifiedPropertyEndpoints" name="test_certify_property" time="0.051" /><testcase classname="tests.test_certified_property.TestAuthenticatedCertifiedPropertyEndpoints" name="test_uncertify_property" time="0.062" /><testcase classname="tests.test_certified_property.TestAuthenticationRequired" name="test_update_location_requires_auth" time="0.036" /><testcase classname="tests.test_certified_property.TestAuthenticationRequired" name="test_update_media_requires_auth" time="0.036" /><testcase classname="tests.test_certified_property.TestAuthenticationRequired" name="test_certify_requires_auth" time="0.036" /><testcase classname="tests.test_certified_property.TestPropertyEndpoint" name="test_get_property_details" time="0.036" /></testsuite></testsuites>