<?xml version="1.0" encoding="utf-8"?><testsuites name="pytest tests"><testsuite name="pytest" errors="0" failures="0" skipped="0" tests="10" time="6.108" timestamp="2026-03-08T15:41:00.375345+00:00" hostname="agent-env-5bb6b066-0ef1-46eb-bdb5-b051158fea3c"><testcase classname="backend.tests.test_interest_areas_notifications.TestInterestAreasAPI" name="test_get_interest_areas" time="0.363" /><testcase classname="backend.tests.test_interest_areas_notifications.TestInterestAreasAPI" name="test_create_interest_area" time="0.333" /><testcase classname="backend.tests.test_interest_areas_notifications.TestInterestAreasAPI" name="test_update_interest_area_notifications" time="0.638" /><testcase classname="backend.tests.test_interest_areas_notifications.TestInterestAreasAPI" name="test_delete_interest_area" time="0.559" /><testcase classname="backend.tests.test_interest_areas_notifications.TestNotificationsAPI" name="test_get_notifications" time="0.327" /><testcase classname="backend.tests.test_interest_areas_notifications.TestNotificationsAPI" name="test_get_unread_count" time="0.364" /><testcase classname="backend.tests.test_interest_areas_notifications.TestNotificationsAPI" name="test_mark_notification_read" time="0.474" /><testcase classname="backend.tests.test_interest_areas_notifications.TestNotificationsAPI" name="test_mark_all_notifications_read" time="0.477" /><testcase classname="backend.tests.test_interest_areas_notifications.TestNotificationTrigger" name="test_property_creation_triggers_notification" time="1.953" /><testcase classname="backend.tests.test_interest_areas_notifications.TestCleanup" name="test_cleanup_test_interest_areas" time="0.537" /></testsuite></testsuites>