<?xml version="1.0" encoding="utf-8"?><testsuites name="pytest tests"><testsuite name="pytest" errors="0" failures="0" skipped="0" tests="17" time="1.048" timestamp="2026-01-12T08:06:42.819839+00:00" hostname="agent-env-c16920f8-d80b-4a31-92d9-055b5fcbe829"><testcase classname="tests.test_resale_release.TestReleasesAPI" name="test_get_releases_list" time="0.356" /><testcase classname="tests.test_resale_release.TestReleasesAPI" name="test_get_releases_with_project_filter" time="0.039" /><testcase classname="tests.test_resale_release.TestReleasesAPI" name="test_create_release" time="0.042" /><testcase classname="tests.test_resale_release.TestReleasesAPI" name="test_create_release_invalid_project" time="0.042" /><testcase classname="tests.test_resale_release.TestReleasesAPI" name="test_notify_queue_for_release" time="0.045" /><testcase classname="tests.test_resale_release.TestReleasesAPI" name="test_notify_queue_invalid_release" time="0.033" /><testcase classname="tests.test_resale_release.TestResalesAPI" name="test_get_resales_list" time="0.036" /><testcase classname="tests.test_resale_release.TestResalesAPI" name="test_get_resales_with_filters" time="0.070" /><testcase classname="tests.test_resale_release.TestResalesAPI" name="test_get_resales_stats" time="0.036" /><testcase classname="tests.test_resale_release.TestResalesAPI" name="test_get_listed_resales" time="0.036" /><testcase classname="tests.test_resale_release.TestResalesAPI" name="test_get_resale_not_found" time="0.035" /><testcase classname="tests.test_resale_release.TestResaleWorkflow" name="test_create_resale_without_booking" time="0.035" /><testcase classname="tests.test_resale_release.TestInquiriesAPI" name="test_create_inquiry_without_listed_resale" time="0.033" /><testcase classname="tests.test_resale_release.TestAuthenticationRequired" name="test_releases_requires_auth" time="0.032" /><testcase classname="tests.test_resale_release.TestAuthenticationRequired" name="test_resales_requires_auth" time="0.033" /><testcase classname="tests.test_resale_release.TestAuthenticationRequired" name="test_stats_requires_auth" time="0.040" /><testcase classname="tests.test_resale_release.TestCleanup" name="test_cleanup_test_releases" time="0.036" /></testsuite></testsuites>