<?xml version="1.0" encoding="utf-8"?><testsuites name="pytest tests"><testsuite name="pytest" errors="0" failures="1" skipped="0" tests="13" time="3.942" timestamp="2026-01-17T13:13:43.323524+00:00" hostname="agent-env-14ad12fd-a852-4ded-8680-e481f45c3538"><testcase classname="tests.test_project_pricing.TestProjectPricingAPIs" name="test_get_unit_types" time="0.344" /><testcase classname="tests.test_project_pricing.TestProjectPricingAPIs" name="test_get_charge_presets" time="0.276" /><testcase classname="tests.test_project_pricing.TestProjectPricingAPIs" name="test_get_project_pricing_config" time="0.317" /><testcase classname="tests.test_project_pricing.TestProjectPricingAPIs" name="test_get_project_pricing_nonexistent_project" time="0.279" /><testcase classname="tests.test_project_pricing.TestProjectPricingAPIs" name="test_create_or_update_project_pricing" time="0.274" /><testcase classname="tests.test_project_pricing.TestProjectPricingAPIs" name="test_partial_update_project_pricing" time="0.284"><failure message="AssertionError: Expected 200, got 520: Internal Server Error&#10;assert 520 == 200&#10; +  where 520 = &lt;Response [520]&gt;.status_code">tests/test_project_pricing.py:186: in test_partial_update_project_pricing
    assert response.status_code == 200, f"Expected 200, got {response.status_code}: {response.text}"
E   AssertionError: Expected 200, got 520: Internal Server Error
E   assert 520 == 200
E    +  where 520 = &lt;Response [520]&gt;.status_code</failure></testcase><testcase classname="tests.test_project_pricing.TestProjectPricingAPIs" name="test_add_additional_charge" time="0.279" /><testcase classname="tests.test_project_pricing.TestProjectPricingAPIs" name="test_remove_additional_charge" time="0.330" /><testcase classname="tests.test_project_pricing.TestProjectPricingAPIs" name="test_get_property_price_breakdown" time="0.283" /><testcase classname="tests.test_project_pricing.TestProjectPricingAPIs" name="test_get_property_breakdown_nonexistent" time="0.279" /><testcase classname="tests.test_project_pricing.TestProjectPricingAPIs" name="test_apply_pricing_to_properties" time="0.292" /><testcase classname="tests.test_project_pricing.TestProjectPricingAPIs" name="test_booking_amount_percentage_type" time="0.286" /><testcase classname="tests.test_project_pricing.TestProjectPricingAPIs" name="test_cleanup_test_charges" time="0.319" /></testsuite></testsuites>