<?xml version="1.0" encoding="utf-8"?><testsuites name="pytest tests"><testsuite name="pytest" errors="0" failures="0" skipped="1" tests="34" time="2.907" timestamp="2026-01-12T10:54:28.086654+00:00" hostname="agent-env-3e7a40be-9ac2-4b7a-918e-8a06f2de51ee"><testcase classname="tests.test_complaints_referral_wallet.TestAuthentication" name="test_login_success" time="0.328" /><testcase classname="tests.test_complaints_referral_wallet.TestComplaintSystem" name="test_create_complaint" time="0.296" /><testcase classname="tests.test_complaints_referral_wallet.TestComplaintSystem" name="test_list_complaints" time="0.039" /><testcase classname="tests.test_complaints_referral_wallet.TestComplaintSystem" name="test_list_complaints_with_status_filter" time="0.045" /><testcase classname="tests.test_complaints_referral_wallet.TestComplaintSystem" name="test_list_complaints_with_priority_filter" time="0.037" /><testcase classname="tests.test_complaints_referral_wallet.TestComplaintSystem" name="test_list_complaints_with_category_filter" time="0.038" /><testcase classname="tests.test_complaints_referral_wallet.TestComplaintSystem" name="test_get_complaint_details" time="0.072" /><testcase classname="tests.test_complaints_referral_wallet.TestComplaintSystem" name="test_get_complaint_not_found" time="0.039" /><testcase classname="tests.test_complaints_referral_wallet.TestComplaintSystem" name="test_assign_complaint" time="0.130" /><testcase classname="tests.test_complaints_referral_wallet.TestComplaintSystem" name="test_add_comment_to_complaint" time="0.037" /><testcase classname="tests.test_complaints_referral_wallet.TestComplaintSystem" name="test_add_internal_comment" time="0.036" /><testcase classname="tests.test_complaints_referral_wallet.TestComplaintSystem" name="test_escalate_complaint" time="0.049"><skipped type="pytest.skip" message="No admin/manager users available for escalation">/app/tests/test_complaints_referral_wallet.py:292: No admin/manager users available for escalation</skipped></testcase><testcase classname="tests.test_complaints_referral_wallet.TestComplaintSystem" name="test_resolve_complaint" time="0.118" /><testcase classname="tests.test_complaints_referral_wallet.TestComplaintSystem" name="test_close_complaint" time="0.147" /><testcase classname="tests.test_complaints_referral_wallet.TestComplaintSystem" name="test_reopen_complaint" time="0.226" /><testcase classname="tests.test_complaints_referral_wallet.TestComplaintSystem" name="test_submit_customer_feedback" time="0.149" /><testcase classname="tests.test_complaints_referral_wallet.TestComplaintSystem" name="test_feedback_invalid_rating" time="0.036" /><testcase classname="tests.test_complaints_referral_wallet.TestComplaintSystem" name="test_complaint_stats_summary" time="0.038" /><testcase classname="tests.test_complaints_referral_wallet.TestComplaintSystem" name="test_complaints_require_auth" time="0.032" /><testcase classname="tests.test_complaints_referral_wallet.TestReferralWalletSystem" name="test_create_referral" time="0.335" /><testcase classname="tests.test_complaints_referral_wallet.TestReferralWalletSystem" name="test_list_referrals" time="0.036" /><testcase classname="tests.test_complaints_referral_wallet.TestReferralWalletSystem" name="test_list_referrals_with_status_filter" time="0.035" /><testcase classname="tests.test_complaints_referral_wallet.TestReferralWalletSystem" name="test_get_referral_by_code" time="0.071" /><testcase classname="tests.test_complaints_referral_wallet.TestReferralWalletSystem" name="test_get_invalid_referral_code" time="0.038" /><testcase classname="tests.test_complaints_referral_wallet.TestReferralWalletSystem" name="test_referral_stats" time="0.034" /><testcase classname="tests.test_complaints_referral_wallet.TestReferralWalletSystem" name="test_get_wallet_balance" time="0.034" /><testcase classname="tests.test_complaints_referral_wallet.TestReferralWalletSystem" name="test_wallet_transactions" time="0.035" /><testcase classname="tests.test_complaints_referral_wallet.TestReferralWalletSystem" name="test_wallet_credit_adjustment" time="0.038" /><testcase classname="tests.test_complaints_referral_wallet.TestReferralWalletSystem" name="test_wallet_debit_adjustment" time="0.076" /><testcase classname="tests.test_complaints_referral_wallet.TestReferralWalletSystem" name="test_wallet_stats" time="0.037" /><testcase classname="tests.test_complaints_referral_wallet.TestReferralWalletSystem" name="test_list_withdrawals" time="0.036" /><testcase classname="tests.test_complaints_referral_wallet.TestReferralWalletSystem" name="test_request_withdrawal" time="0.070" /><testcase classname="tests.test_complaints_referral_wallet.TestReferralWalletSystem" name="test_withdrawal_insufficient_balance" time="0.036" /><testcase classname="tests.test_complaints_referral_wallet.TestReferralWalletSystem" name="test_referral_wallet_requires_auth" time="0.035" /></testsuite></testsuites>