<?xml version="1.0" encoding="utf-8"?><testsuites name="pytest tests"><testsuite name="pytest" errors="0" failures="0" skipped="0" tests="25" time="7.137" timestamp="2026-01-14T13:16:30.184903+00:00" hostname="agent-env-cb14682d-81f3-4579-a868-f5d61f7835a3"><testcase classname="tests.test_subscriptions_api.TestSubscriptionPackages" name="test_get_all_packages" time="0.079" /><testcase classname="tests.test_subscriptions_api.TestSubscriptionPackages" name="test_get_single_package_starter" time="0.036" /><testcase classname="tests.test_subscriptions_api.TestSubscriptionPackages" name="test_get_single_package_pro" time="0.051" /><testcase classname="tests.test_subscriptions_api.TestSubscriptionPackages" name="test_get_single_package_enterprise" time="0.033" /><testcase classname="tests.test_subscriptions_api.TestSubscriptionPackages" name="test_get_invalid_package" time="0.041" /><testcase classname="tests.test_subscriptions_api.TestAuthenticatedSubscriptionEndpoints" name="test_get_current_subscription" time="0.303" /><testcase classname="tests.test_subscriptions_api.TestAuthenticatedSubscriptionEndpoints" name="test_get_current_subscription_without_auth" time="0.294" /><testcase classname="tests.test_subscriptions_api.TestAuthenticatedSubscriptionEndpoints" name="test_get_invoices" time="0.296" /><testcase classname="tests.test_subscriptions_api.TestAuthenticatedSubscriptionEndpoints" name="test_get_invoices_with_pagination" time="0.303" /><testcase classname="tests.test_subscriptions_api.TestAuthenticatedSubscriptionEndpoints" name="test_get_invoices_without_auth" time="0.332" /><testcase classname="tests.test_subscriptions_api.TestAuthenticatedSubscriptionEndpoints" name="test_usage_check" time="0.299" /><testcase classname="tests.test_subscriptions_api.TestAuthenticatedSubscriptionEndpoints" name="test_usage_check_without_auth" time="0.296" /><testcase classname="tests.test_subscriptions_api.TestSubscriptionCheckout" name="test_create_checkout_session_monthly" time="0.776" /><testcase classname="tests.test_subscriptions_api.TestSubscriptionCheckout" name="test_create_checkout_session_yearly" time="0.673" /><testcase classname="tests.test_subscriptions_api.TestSubscriptionCheckout" name="test_create_checkout_invalid_package" time="0.302" /><testcase classname="tests.test_subscriptions_api.TestSubscriptionCheckout" name="test_create_checkout_without_auth" time="0.305" /><testcase classname="tests.test_subscriptions_api.TestSubscriptionCheckout" name="test_get_checkout_status" time="0.943" /><testcase classname="tests.test_subscriptions_api.TestSubscriptionCheckout" name="test_get_checkout_status_invalid_session" time="0.295" /><testcase classname="tests.test_subscriptions_api.TestSubscriptionCancelReactivate" name="test_cancel_subscription_no_active" time="0.299" /><testcase classname="tests.test_subscriptions_api.TestSubscriptionCancelReactivate" name="test_reactivate_subscription_no_pending" time="0.292" /><testcase classname="tests.test_subscriptions_api.TestSubscriptionCancelReactivate" name="test_cancel_without_auth" time="0.294" /><testcase classname="tests.test_subscriptions_api.TestSubscriptionCancelReactivate" name="test_reactivate_without_auth" time="0.336" /><testcase classname="tests.test_subscriptions_api.TestPackageFeatures" name="test_starter_features" time="0.036" /><testcase classname="tests.test_subscriptions_api.TestPackageFeatures" name="test_pro_features" time="0.033" /><testcase classname="tests.test_subscriptions_api.TestPackageFeatures" name="test_enterprise_features" time="0.075" /></testsuite></testsuites>