<?xml version="1.0" encoding="utf-8"?><testsuites name="pytest tests"><testsuite name="pytest" errors="0" failures="0" skipped="0" tests="38" time="2.451" timestamp="2026-01-12T10:07:04.233078+00:00" hostname="agent-env-c16920f8-d80b-4a31-92d9-055b5fcbe829"><testcase classname="tests.test_p2_comprehensive.TestResaleReleaseSystem" name="test_releases_requires_auth" time="0.076" /><testcase classname="tests.test_p2_comprehensive.TestResaleReleaseSystem" name="test_get_releases_list" time="0.315" /><testcase classname="tests.test_p2_comprehensive.TestResaleReleaseSystem" name="test_get_releases_with_project_filter" time="0.037" /><testcase classname="tests.test_p2_comprehensive.TestResaleReleaseSystem" name="test_create_release" time="0.049" /><testcase classname="tests.test_p2_comprehensive.TestResaleReleaseSystem" name="test_resales_requires_auth" time="0.043" /><testcase classname="tests.test_p2_comprehensive.TestResaleReleaseSystem" name="test_get_resales_list" time="0.045" /><testcase classname="tests.test_p2_comprehensive.TestResaleReleaseSystem" name="test_get_resales_with_status_filter" time="0.038" /><testcase classname="tests.test_p2_comprehensive.TestResaleReleaseSystem" name="test_resale_stats" time="0.035" /><testcase classname="tests.test_p2_comprehensive.TestResaleReleaseSystem" name="test_get_listed_resales" time="0.040" /><testcase classname="tests.test_p2_comprehensive.TestEMIPaymentModule" name="test_emi_stats_requires_auth" time="0.034" /><testcase classname="tests.test_p2_comprehensive.TestEMIPaymentModule" name="test_get_emi_stats" time="0.033" /><testcase classname="tests.test_p2_comprehensive.TestEMIPaymentModule" name="test_get_emi_schedules" time="0.037" /><testcase classname="tests.test_p2_comprehensive.TestEMIPaymentModule" name="test_get_emi_schedules_with_filters" time="0.038" /><testcase classname="tests.test_p2_comprehensive.TestEMIPaymentModule" name="test_get_booking_emi_schedule" time="0.037" /><testcase classname="tests.test_p2_comprehensive.TestEMIPaymentModule" name="test_get_overdue_emis" time="0.035" /><testcase classname="tests.test_p2_comprehensive.TestEMIPaymentModule" name="test_get_due_soon_emis" time="0.078" /><testcase classname="tests.test_p2_comprehensive.TestEMIPaymentModule" name="test_waive_late_fee_requires_admin" time="0.041" /><testcase classname="tests.test_p2_comprehensive.TestReceiptGeneration" name="test_receipt_requires_auth" time="0.034" /><testcase classname="tests.test_p2_comprehensive.TestReceiptGeneration" name="test_generate_payment_receipt_pdf" time="0.045" /><testcase classname="tests.test_p2_comprehensive.TestReceiptGeneration" name="test_generate_emi_schedule_pdf" time="0.052" /><testcase classname="tests.test_p2_comprehensive.TestReceiptGeneration" name="test_receipt_history" time="0.035" /><testcase classname="tests.test_p2_comprehensive.TestReceiptGeneration" name="test_regenerate_receipt" time="0.039" /><testcase classname="tests.test_p2_comprehensive.TestVendorManagement" name="test_vendor_stats_requires_auth" time="0.037" /><testcase classname="tests.test_p2_comprehensive.TestVendorManagement" name="test_get_vendor_stats" time="0.034" /><testcase classname="tests.test_p2_comprehensive.TestVendorManagement" name="test_create_vendor" time="0.041" /><testcase classname="tests.test_p2_comprehensive.TestVendorManagement" name="test_get_vendors_list" time="0.039" /><testcase classname="tests.test_p2_comprehensive.TestVendorManagement" name="test_get_vendors_with_search" time="0.041" /><testcase classname="tests.test_p2_comprehensive.TestVendorManagement" name="test_get_vendors_with_category_filter" time="0.039" /><testcase classname="tests.test_p2_comprehensive.TestVendorManagement" name="test_update_vendor" time="0.077" /><testcase classname="tests.test_p2_comprehensive.TestVendorManagement" name="test_create_vendor_bill" time="0.038" /><testcase classname="tests.test_p2_comprehensive.TestVendorManagement" name="test_get_bills_list" time="0.039" /><testcase classname="tests.test_p2_comprehensive.TestVendorManagement" name="test_record_vendor_payment" time="0.035" /><testcase classname="tests.test_p2_comprehensive.TestVendorManagement" name="test_bill_status_updates_after_payment" time="0.039" /><testcase classname="tests.test_p2_comprehensive.TestVendorManagement" name="test_get_payments_list" time="0.037" /><testcase classname="tests.test_p2_comprehensive.TestVendorManagement" name="test_get_vendor_details" time="0.036" /><testcase classname="tests.test_p2_comprehensive.TestVendorManagement" name="test_delete_vendor_with_pending_bills_fails" time="0.037" /><testcase classname="tests.test_p2_comprehensive.TestP2Integration" name="test_all_p2_pages_accessible" time="0.446" /><testcase classname="tests.test_p2_comprehensive.TestP2Integration" name="test_stats_consistency" time="0.112" /></testsuite></testsuites>