<?xml version="1.0" encoding="utf-8"?><testsuites name="pytest tests"><testsuite name="pytest" errors="0" failures="0" skipped="0" tests="17" time="1.729" timestamp="2026-01-17T12:36:12.160179+00:00" hostname="agent-env-14ad12fd-a852-4ded-8680-e481f45c3538"><testcase classname="tests.test_customer_portal.TestCustomerPortalAuth" name="test_01_login_request_otp" time="0.074" /><testcase classname="tests.test_customer_portal.TestCustomerPortalAuth" name="test_02_login_invalid_phone" time="0.044" /><testcase classname="tests.test_customer_portal.TestCustomerPortalAuth" name="test_03_verify_otp_success" time="0.058" /><testcase classname="tests.test_customer_portal.TestCustomerPortalAuth" name="test_04_verify_otp_invalid" time="0.060" /><testcase classname="tests.test_customer_portal.TestCustomerPortalEndpoints" name="test_05_get_profile_authenticated" time="0.067" /><testcase classname="tests.test_customer_portal.TestCustomerPortalEndpoints" name="test_06_get_profile_unauthenticated" time="0.174" /><testcase classname="tests.test_customer_portal.TestCustomerPortalEndpoints" name="test_07_get_dashboard" time="0.078" /><testcase classname="tests.test_customer_portal.TestCustomerPortalEndpoints" name="test_08_get_properties" time="0.066" /><testcase classname="tests.test_customer_portal.TestCustomerPortalEndpoints" name="test_09_get_payments" time="0.117" /><testcase classname="tests.test_customer_portal.TestCustomerPortalEndpoints" name="test_10_get_payment_schedule" time="0.074" /><testcase classname="tests.test_customer_portal.TestCustomerPortalEndpoints" name="test_11_get_documents" time="0.112" /><testcase classname="tests.test_customer_portal.TestDocumentDownloads" name="test_12_download_booking_confirmation" time="0.175" /><testcase classname="tests.test_customer_portal.TestDocumentDownloads" name="test_13_download_payment_schedule" time="0.082" /><testcase classname="tests.test_customer_portal.TestDocumentDownloads" name="test_14_download_allotment_letter" time="0.120" /><testcase classname="tests.test_customer_portal.TestDocumentDownloads" name="test_15_download_unauthorized" time="0.154" /><testcase classname="tests.test_customer_portal.TestDocumentDownloads" name="test_16_download_invalid_booking" time="0.113" /><testcase classname="tests.test_customer_portal.TestLogout" name="test_17_logout" time="0.082" /></testsuite></testsuites>