<?xml version="1.0" encoding="utf-8"?><testsuites name="pytest tests"><testsuite name="pytest" errors="9" failures="0" skipped="0" tests="10" time="1.733" timestamp="2026-01-27T06:38:59.754266+00:00" hostname="agent-env-2bfe7e04-ec8a-4235-8a39-1b95024c5077"><testcase classname="tests.test_booking_bugfixes.TestAuth" name="test_login_success" time="0.291" /><testcase classname="tests.test_booking_bugfixes.TestPropertyLoading" name="test_get_projects" time="0.263"><error message="failed on setup with &quot;KeyError: 'token'&quot;">tests/test_booking_bugfixes.py:61: in auth_token
    return response.json()["token"]
           ^^^^^^^^^^^^^^^^^^^^^^^^
E   KeyError: 'token'</error></testcase><testcase classname="tests.test_booking_bugfixes.TestPropertyLoading" name="test_get_property_statuses" time="0.000"><error message="failed on setup with &quot;KeyError: 'token'&quot;">tests/test_booking_bugfixes.py:61: in auth_token
    return response.json()["token"]
           ^^^^^^^^^^^^^^^^^^^^^^^^
E   KeyError: 'token'</error></testcase><testcase classname="tests.test_booking_bugfixes.TestPropertyLoading" name="test_get_properties_for_project" time="0.000"><error message="failed on setup with &quot;KeyError: 'token'&quot;">tests/test_booking_bugfixes.py:61: in auth_token
    return response.json()["token"]
           ^^^^^^^^^^^^^^^^^^^^^^^^
E   KeyError: 'token'</error></testcase><testcase classname="tests.test_booking_bugfixes.TestBankAccounts" name="test_get_bank_accounts" time="0.267"><error message="failed on setup with &quot;KeyError: 'token'&quot;">tests/test_booking_bugfixes.py:150: in auth_token
    return response.json()["token"]
           ^^^^^^^^^^^^^^^^^^^^^^^^
E   KeyError: 'token'</error></testcase><testcase classname="tests.test_booking_bugfixes.TestBankAccounts" name="test_bank_accounts_have_required_fields" time="0.000"><error message="failed on setup with &quot;KeyError: 'token'&quot;">tests/test_booking_bugfixes.py:150: in auth_token
    return response.json()["token"]
           ^^^^^^^^^^^^^^^^^^^^^^^^
E   KeyError: 'token'</error></testcase><testcase classname="tests.test_booking_bugfixes.TestBookingsAPI" name="test_get_bookings" time="0.267"><error message="failed on setup with &quot;KeyError: 'token'&quot;">tests/test_booking_bugfixes.py:212: in auth_token
    return response.json()["token"]
           ^^^^^^^^^^^^^^^^^^^^^^^^
E   KeyError: 'token'</error></testcase><testcase classname="tests.test_booking_bugfixes.TestBookingsAPI" name="test_get_booking_details" time="0.000"><error message="failed on setup with &quot;KeyError: 'token'&quot;">tests/test_booking_bugfixes.py:212: in auth_token
    return response.json()["token"]
           ^^^^^^^^^^^^^^^^^^^^^^^^
E   KeyError: 'token'</error></testcase><testcase classname="tests.test_booking_bugfixes.TestPaymentModes" name="test_get_payment_modes" time="0.265"><error message="failed on setup with &quot;KeyError: 'token'&quot;">tests/test_booking_bugfixes.py:278: in auth_token
    return response.json()["token"]
           ^^^^^^^^^^^^^^^^^^^^^^^^
E   KeyError: 'token'</error></testcase><testcase classname="tests.test_booking_bugfixes.TestEndToEndPaymentFlow" name="test_payment_recording_prerequisites" time="0.261"><error message="failed on setup with &quot;KeyError: 'token'&quot;">tests/test_booking_bugfixes.py:313: in auth_token
    return response.json()["token"]
           ^^^^^^^^^^^^^^^^^^^^^^^^
E   KeyError: 'token'</error></testcase></testsuite></testsuites>