<?xml version="1.0" encoding="utf-8"?><testsuites name="pytest tests"><testsuite name="pytest" errors="0" failures="0" skipped="5" tests="14" time="4.764" timestamp="2026-03-08T17:00:13.108666+00:00" hostname="agent-env-9a7af26b-53d6-4baf-8bb2-0fa7a2e884de"><testcase classname="backend.tests.test_youtube_content_bankaccounts.TestYouTubeContentGenerator" name="test_youtube_categories_endpoint" time="0.730" /><testcase classname="backend.tests.test_youtube_content_bankaccounts.TestYouTubeContentGenerator" name="test_youtube_history_endpoint" time="0.118" /><testcase classname="backend.tests.test_youtube_content_bankaccounts.TestYouTubeContentGenerator" name="test_youtube_content_generate_requires_data" time="0.114" /><testcase classname="backend.tests.test_youtube_content_bankaccounts.TestBankAccountsAPI" name="test_bank_accounts_requires_auth" time="0.109" /><testcase classname="backend.tests.test_youtube_content_bankaccounts.TestBankAccountsAPI" name="test_bank_accounts_with_auth" time="0.596" /><testcase classname="backend.tests.test_youtube_content_bankaccounts.TestAgentApexAPI" name="test_properties_endpoint" time="0.222"><skipped type="pytest.skip" message="OTP verification failed: 400 - {&quot;detail&quot;:&quot;Invalid OTP&quot;}">/app/backend/tests/test_youtube_content_bankaccounts.py:144: OTP verification failed: 400 - {"detail":"Invalid OTP"}</skipped></testcase><testcase classname="backend.tests.test_youtube_content_bankaccounts.TestAgentApexAPI" name="test_properties_with_location" time="0.217"><skipped type="pytest.skip" message="OTP verification failed: 400 - {&quot;detail&quot;:&quot;Invalid OTP&quot;}">/app/backend/tests/test_youtube_content_bankaccounts.py:153: OTP verification failed: 400 - {"detail":"Invalid OTP"}</skipped></testcase><testcase classname="backend.tests.test_youtube_content_bankaccounts.TestAgentApexAPI" name="test_requirements_all_endpoint" time="0.259"><skipped type="pytest.skip" message="OTP verification failed: 400 - {&quot;detail&quot;:&quot;Invalid OTP&quot;}">/app/backend/tests/test_youtube_content_bankaccounts.py:172: OTP verification failed: 400 - {"detail":"Invalid OTP"}</skipped></testcase><testcase classname="backend.tests.test_youtube_content_bankaccounts.TestAgentApexAPI" name="test_favorites_endpoint" time="0.220"><skipped type="pytest.skip" message="OTP verification failed: 400 - {&quot;detail&quot;:&quot;Invalid OTP&quot;}">/app/backend/tests/test_youtube_content_bankaccounts.py:189: OTP verification failed: 400 - {"detail":"Invalid OTP"}</skipped></testcase><testcase classname="backend.tests.test_youtube_content_bankaccounts.TestAgentApexAPI" name="test_stats_endpoint" time="0.253"><skipped type="pytest.skip" message="OTP verification failed: 400 - {&quot;detail&quot;:&quot;Invalid OTP&quot;}">/app/backend/tests/test_youtube_content_bankaccounts.py:200: OTP verification failed: 400 - {"detail":"Invalid OTP"}</skipped></testcase><testcase classname="backend.tests.test_youtube_content_bankaccounts.TestRealApexDemosPageAPIs" name="test_tutorai_config" time="0.455" /><testcase classname="backend.tests.test_youtube_content_bankaccounts.TestRealApexDemosPageAPIs" name="test_realapex_demos_videos" time="0.481" /><testcase classname="backend.tests.test_youtube_content_bankaccounts.TestRealApexDemosPageAPIs" name="test_realapex_demos_concepts" time="0.463" /><testcase classname="backend.tests.test_youtube_content_bankaccounts.TestRealApexDemosPageAPIs" name="test_voice_options" time="0.454" /></testsuite></testsuites>