<?xml version="1.0" encoding="utf-8"?><testsuites name="pytest tests"><testsuite name="pytest" errors="0" failures="0" skipped="0" tests="26" time="3.746" timestamp="2026-01-12T04:12:51.299836+00:00" hostname="agent-env-1ff34f67-12a2-4653-938f-7a82d3af75cc"><testcase classname="tests.test_p1_features.TestAuth" name="test_login_success" time="0.283" /><testcase classname="tests.test_p1_features.TestDocumentLockerPhysicalLocations" name="test_get_physical_locations" time="0.307" /><testcase classname="tests.test_p1_features.TestDocumentLockerPhysicalLocations" name="test_create_physical_location" time="0.046" /><testcase classname="tests.test_p1_features.TestDocumentLockerPhysicalLocations" name="test_create_duplicate_location_fails" time="0.085" /><testcase classname="tests.test_p1_features.TestDocumentLockerDocuments" name="test_get_documents" time="0.302" /><testcase classname="tests.test_p1_features.TestDocumentLockerDocuments" name="test_upload_file" time="0.045" /><testcase classname="tests.test_p1_features.TestDocumentLockerDocuments" name="test_create_document_with_physical_location" time="0.161" /><testcase classname="tests.test_p1_features.TestDocumentLockerDocuments" name="test_get_document_by_id" time="0.116" /><testcase classname="tests.test_p1_features.TestDocumentLockerSearch" name="test_search_by_customer_name" time="0.484" /><testcase classname="tests.test_p1_features.TestDocumentLockerSearch" name="test_search_by_mobile" time="0.039" /><testcase classname="tests.test_p1_features.TestDocumentLockerSearch" name="test_search_by_keyword" time="0.038" /><testcase classname="tests.test_p1_features.TestFestivalGreetingsConfig" name="test_get_greeting_config" time="0.346" /><testcase classname="tests.test_p1_features.TestFestivalGreetingsConfig" name="test_update_greeting_config_enable" time="0.038" /><testcase classname="tests.test_p1_features.TestFestivalGreetingsConfig" name="test_update_greeting_config_disable" time="0.081" /><testcase classname="tests.test_p1_features.TestFestivalGreetingsConfig" name="test_config_requires_company_name" time="0.038" /><testcase classname="tests.test_p1_features.TestFestivalGreetingsRecipients" name="test_get_recipients" time="0.304" /><testcase classname="tests.test_p1_features.TestFestivalGreetingsRecipients" name="test_add_customer_recipient" time="0.040" /><testcase classname="tests.test_p1_features.TestFestivalGreetingsRecipients" name="test_add_past_customer_recipient" time="0.042" /><testcase classname="tests.test_p1_features.TestFestivalGreetingsRecipients" name="test_add_internal_contact_recipient" time="0.082" /><testcase classname="tests.test_p1_features.TestFestivalGreetingsRecipients" name="test_reject_lead_as_recipient" time="0.038" /><testcase classname="tests.test_p1_features.TestFestivalGreetingsRecipients" name="test_remove_recipient" time="0.116" /><testcase classname="tests.test_p1_features.TestFestivalGreetingsSend" name="test_send_republic_day_greetings" time="0.450" /><testcase classname="tests.test_p1_features.TestFestivalGreetingsSend" name="test_send_independence_day_greetings" time="0.047" /><testcase classname="tests.test_p1_features.TestFestivalGreetingsSend" name="test_reject_invalid_festival" time="0.040" /><testcase classname="tests.test_p1_features.TestFestivalGreetingsSend" name="test_get_greeting_logs" time="0.044" /><testcase classname="tests.test_p1_features.TestFestivalGreetingsSend" name="test_check_today_greetings" time="0.034" /></testsuite></testsuites>