<?xml version="1.0" encoding="utf-8"?><testsuites name="pytest tests"><testsuite name="pytest" errors="0" failures="1" skipped="0" tests="30" time="2.159" timestamp="2026-01-12T05:06:22.865037+00:00" hostname="agent-env-1ff34f67-12a2-4653-938f-7a82d3af75cc"><testcase classname="tests.test_site_visits_booking_queue.TestSiteVisitsBasic" name="test_get_all_visits" time="0.319" /><testcase classname="tests.test_site_visits_booking_queue.TestSiteVisitsBasic" name="test_get_today_visits" time="0.053" /><testcase classname="tests.test_site_visits_booking_queue.TestSiteVisitsBasic" name="test_get_upcoming_visits" time="0.012" /><testcase classname="tests.test_site_visits_booking_queue.TestSiteVisitsBasic" name="test_get_my_visits" time="0.052" /><testcase classname="tests.test_site_visits_booking_queue.TestSiteVisitsBasic" name="test_get_visit_stats" time="0.017" /><testcase classname="tests.test_site_visits_booking_queue.TestSiteVisitWorkflow" name="test_schedule_visit" time="0.052" /><testcase classname="tests.test_site_visits_booking_queue.TestSiteVisitWorkflow" name="test_get_visit_by_id" time="0.013" /><testcase classname="tests.test_site_visits_booking_queue.TestSiteVisitWorkflow" name="test_confirm_visit" time="0.065" /><testcase classname="tests.test_site_visits_booking_queue.TestSiteVisitWorkflow" name="test_start_visit" time="0.038" /><testcase classname="tests.test_site_visits_booking_queue.TestSiteVisitWorkflow" name="test_complete_visit" time="0.022" /><testcase classname="tests.test_site_visits_booking_queue.TestSiteVisitCancelReschedule" name="test_schedule_and_cancel_visit" time="0.076" /><testcase classname="tests.test_site_visits_booking_queue.TestSiteVisitCancelReschedule" name="test_schedule_and_reschedule_visit" time="0.133" /><testcase classname="tests.test_site_visits_booking_queue.TestSiteVisitNoShow" name="test_mark_no_show" time="0.090" /><testcase classname="tests.test_site_visits_booking_queue.TestSiteVisitFilters" name="test_filter_by_status" time="0.014" /><testcase classname="tests.test_site_visits_booking_queue.TestSiteVisitFilters" name="test_filter_by_project" time="0.012" /><testcase classname="tests.test_site_visits_booking_queue.TestBookingQueueBasic" name="test_get_all_queue_entries" time="0.012" /><testcase classname="tests.test_site_visits_booking_queue.TestBookingQueueBasic" name="test_get_queue_stats" time="0.017" /><testcase classname="tests.test_site_visits_booking_queue.TestBookingQueueWorkflow" name="test_add_to_queue" time="0.052" /><testcase classname="tests.test_site_visits_booking_queue.TestBookingQueueWorkflow" name="test_get_queue_entry_by_id" time="0.039" /><testcase classname="tests.test_site_visits_booking_queue.TestBookingQueueWorkflow" name="test_notify_queue_member" time="0.022" /><testcase classname="tests.test_site_visits_booking_queue.TestBookingQueueWorkflow" name="test_record_interested_response" time="0.062" /><testcase classname="tests.test_site_visits_booking_queue.TestBookingQueueNotInterested" name="test_add_and_respond_not_interested" time="0.091"><failure message="KeyError: 'entry'">tests/test_site_visits_booking_queue.py:492: in test_add_and_respond_not_interested
    entry2_id = response2.json()["entry"]["id"]
                ^^^^^^^^^^^^^^^^^^^^^^^^^
E   KeyError: 'entry'</failure></testcase><testcase classname="tests.test_site_visits_booking_queue.TestBookingQueueMoveUp" name="test_move_up_in_queue" time="0.194" /><testcase classname="tests.test_site_visits_booking_queue.TestBookingQueueCancel" name="test_cancel_queue_entry" time="0.081" /><testcase classname="tests.test_site_visits_booking_queue.TestBookingQueueDuplicateCheck" name="test_prevent_duplicate_queue_entry" time="0.064" /><testcase classname="tests.test_site_visits_booking_queue.TestBookingQueuePropertyQueue" name="test_get_property_queue" time="0.022" /><testcase classname="tests.test_site_visits_booking_queue.TestBookingQueueFilters" name="test_filter_by_status" time="0.012" /><testcase classname="tests.test_site_visits_booking_queue.TestBookingQueueFilters" name="test_filter_by_project" time="0.046" /><testcase classname="tests.test_site_visits_booking_queue.TestCleanup" name="test_cleanup_test_visits" time="0.101" /><testcase classname="tests.test_site_visits_booking_queue.TestCleanup" name="test_cleanup_test_queue_entries" time="0.291" /></testsuite></testsuites>