<?xml version="1.0" encoding="utf-8"?><testsuites name="pytest tests"><testsuite name="pytest" errors="0" failures="0" skipped="0" tests="15" time="1.060" timestamp="2026-01-15T05:00:19.519941+00:00" hostname="agent-env-8147d490-a4a1-4980-b75a-b7c998566f44"><testcase classname="tests.test_block_locations.TestProjectsAPI" name="test_get_projects_list" time="0.362" /><testcase classname="tests.test_block_locations.TestProjectsAPI" name="test_projects_include_oberoi_plaza" time="0.041" /><testcase classname="tests.test_block_locations.TestBlockLocationsAPI" name="test_get_block_locations" time="0.042" /><testcase classname="tests.test_block_locations.TestBlockLocationsAPI" name="test_block_locations_structure" time="0.045" /><testcase classname="tests.test_block_locations.TestBlockLocationsAPI" name="test_blocks_a_b_have_locations" time="0.046" /><testcase classname="tests.test_block_locations.TestBlockLocationsAPI" name="test_update_block_location" time="0.084" /><testcase classname="tests.test_block_locations.TestBlockLocationsAPI" name="test_block_location_persists" time="0.041" /><testcase classname="tests.test_block_locations.TestBlockLocationsAPI" name="test_invalid_project_returns_404" time="0.042" /><testcase classname="tests.test_block_locations.TestBlockLocationsAPI" name="test_unauthorized_access" time="0.039" /><testcase classname="tests.test_block_locations.TestCertifiedPropertyLocationInheritance" name="test_property_inherits_block_location" time="0.041" /><testcase classname="tests.test_block_locations.TestCertifiedPropertyLocationInheritance" name="test_property_block_c_inherits_location" time="0.039" /><testcase classname="tests.test_block_locations.TestCertifiedPropertyLocationInheritance" name="test_certified_property_structure" time="0.038" /><testcase classname="tests.test_block_locations.TestCertifiedPropertyLocationInheritance" name="test_invalid_property_returns_404" time="0.038" /><testcase classname="tests.test_block_locations.TestBlockLocationValidation" name="test_invalid_latitude_rejected" time="0.043" /><testcase classname="tests.test_block_locations.TestBlockLocationValidation" name="test_missing_block_name_rejected" time="0.043" /></testsuite></testsuites>