<?xml version="1.0" encoding="utf-8"?><testsuites name="pytest tests"><testsuite name="pytest" errors="0" failures="0" skipped="0" tests="7" time="2.491" timestamp="2026-01-12T14:25:09.619301+00:00" hostname="agent-env-f7261539-d716-48fc-bd85-ee53f5637549"><testcase classname="tests.test_payments_dashboard.TestPaymentsDashboardAPIs" name="test_emi_stats_endpoint" time="0.337" /><testcase classname="tests.test_payments_dashboard.TestPaymentsDashboardAPIs" name="test_emi_stats_with_project_filter" time="0.350" /><testcase classname="tests.test_payments_dashboard.TestPaymentsDashboardAPIs" name="test_overdue_emis_endpoint" time="0.309" /><testcase classname="tests.test_payments_dashboard.TestPaymentsDashboardAPIs" name="test_due_soon_endpoint" time="0.301" /><testcase classname="tests.test_payments_dashboard.TestPaymentsDashboardAPIs" name="test_emi_schedules_endpoint" time="0.333" /><testcase classname="tests.test_payments_dashboard.TestPaymentsDashboardAPIs" name="test_projects_endpoint" time="0.296" /><testcase classname="tests.test_payments_dashboard.TestPaymentsDashboardAPIs" name="test_authentication_required" time="0.456" /></testsuite></testsuites>