<?xml version="1.0" encoding="utf-8"?><testsuites name="pytest tests"><testsuite name="pytest" errors="0" failures="0" skipped="0" tests="14" time="1.016" timestamp="2026-01-16T08:06:02.841164+00:00" hostname="agent-env-8147d490-a4a1-4980-b75a-b7c998566f44"><testcase classname="tests.test_usage_limits_enforcement.TestUsageLimitsEnforcement" name="test_get_current_subscription" time="0.350" /><testcase classname="tests.test_usage_limits_enforcement.TestUsageLimitsEnforcement" name="test_usage_check_endpoint" time="0.043" /><testcase classname="tests.test_usage_limits_enforcement.TestUsageLimitsEnforcement" name="test_create_project_returns_403_limit_exceeded" time="0.041" /><testcase classname="tests.test_usage_limits_enforcement.TestUsageLimitsEnforcement" name="test_create_user_returns_403_limit_exceeded" time="0.043" /><testcase classname="tests.test_usage_limits_enforcement.TestUsageLimitsEnforcement" name="test_create_property_returns_403_limit_exceeded" time="0.088" /><testcase classname="tests.test_usage_limits_enforcement.TestUsageLimitsEnforcement" name="test_create_lead_returns_403_limit_exceeded" time="0.054" /><testcase classname="tests.test_usage_limits_enforcement.TestUsageLimitsEnforcement" name="test_error_response_has_all_required_fields" time="0.039" /><testcase classname="tests.test_usage_limits_enforcement.TestSubscriptionPackages" name="test_get_packages_public" time="0.037" /><testcase classname="tests.test_usage_limits_enforcement.TestAuthenticationRequired" name="test_current_subscription_requires_auth" time="0.037" /><testcase classname="tests.test_usage_limits_enforcement.TestAuthenticationRequired" name="test_usage_check_requires_auth" time="0.041" /><testcase classname="tests.test_usage_limits_enforcement.TestAuthenticationRequired" name="test_create_project_requires_auth" time="0.038" /><testcase classname="tests.test_usage_limits_enforcement.TestAuthenticationRequired" name="test_create_user_requires_auth" time="0.036" /><testcase classname="tests.test_usage_limits_enforcement.TestAuthenticationRequired" name="test_create_property_requires_auth" time="0.040" /><testcase classname="tests.test_usage_limits_enforcement.TestAuthenticationRequired" name="test_create_lead_requires_auth" time="0.037" /></testsuite></testsuites>