<?xml version="1.0" encoding="utf-8"?><testsuites name="pytest tests"><testsuite name="pytest" errors="0" failures="20" skipped="0" tests="24" time="6.489" timestamp="2026-01-17T11:22:25.046540+00:00" hostname="agent-env-8147d490-a4a1-4980-b75a-b7c998566f44"><testcase classname="tests.test_file_upload_service.TestFileUploadService" name="test_upload_requires_authentication" time="0.074" /><testcase classname="tests.test_file_upload_service.TestFileUploadService" name="test_list_files_requires_authentication" time="0.043" /><testcase classname="tests.test_file_upload_service.TestFileUploadService" name="test_upload_single_image_png" time="0.304"><failure message="AssertionError: Expected 200, got 401: {&quot;detail&quot;:&quot;Not authenticated&quot;}&#10;assert 401 == 200&#10; +  where 401 = &lt;Response [401]&gt;.status_code">tests/test_file_upload_service.py:104: in test_upload_single_image_png
    assert response.status_code == 200, f"Expected 200, got {response.status_code}: {response.text}"
E   AssertionError: Expected 200, got 401: {"detail":"Not authenticated"}
E   assert 401 == 200
E    +  where 401 = &lt;Response [401]&gt;.status_code</failure></testcase><testcase classname="tests.test_file_upload_service.TestFileUploadService" name="test_upload_single_image_jpeg" time="0.341"><failure message="AssertionError: Expected 200, got 401: {&quot;detail&quot;:&quot;Not authenticated&quot;}&#10;assert 401 == 200&#10; +  where 401 = &lt;Response [401]&gt;.status_code">tests/test_file_upload_service.py:169: in test_upload_single_image_jpeg
    assert response.status_code == 200, f"Expected 200, got {response.status_code}: {response.text}"
E   AssertionError: Expected 200, got 401: {"detail":"Not authenticated"}
E   assert 401 == 200
E    +  where 401 = &lt;Response [401]&gt;.status_code</failure></testcase><testcase classname="tests.test_file_upload_service.TestFileUploadService" name="test_upload_pdf_document" time="0.304"><failure message="AssertionError: Expected 200, got 401: {&quot;detail&quot;:&quot;Not authenticated&quot;}&#10;assert 401 == 200&#10; +  where 401 = &lt;Response [401]&gt;.status_code">tests/test_file_upload_service.py:192: in test_upload_pdf_document
    assert response.status_code == 200, f"Expected 200, got {response.status_code}: {response.text}"
E   AssertionError: Expected 200, got 401: {"detail":"Not authenticated"}
E   assert 401 == 200
E    +  where 401 = &lt;Response [401]&gt;.status_code</failure></testcase><testcase classname="tests.test_file_upload_service.TestFileUploadService" name="test_upload_with_context_property_media" time="0.304"><failure message="AssertionError: Expected 200, got 401: {&quot;detail&quot;:&quot;Not authenticated&quot;}&#10;assert 401 == 200&#10; +  where 401 = &lt;Response [401]&gt;.status_code">tests/test_file_upload_service.py:220: in test_upload_with_context_property_media
    assert response.status_code == 200, f"Expected 200, got {response.status_code}: {response.text}"
E   AssertionError: Expected 200, got 401: {"detail":"Not authenticated"}
E   assert 401 == 200
E    +  where 401 = &lt;Response [401]&gt;.status_code</failure></testcase><testcase classname="tests.test_file_upload_service.TestFileUploadService" name="test_upload_with_description" time="0.306"><failure message="AssertionError: Expected 200, got 401: {&quot;detail&quot;:&quot;Not authenticated&quot;}&#10;assert 401 == 200&#10; +  where 401 = &lt;Response [401]&gt;.status_code">tests/test_file_upload_service.py:247: in test_upload_with_description
    assert response.status_code == 200, f"Expected 200, got {response.status_code}: {response.text}"
E   AssertionError: Expected 200, got 401: {"detail":"Not authenticated"}
E   assert 401 == 200
E    +  where 401 = &lt;Response [401]&gt;.status_code</failure></testcase><testcase classname="tests.test_file_upload_service.TestFileUploadService" name="test_upload_multiple_files" time="0.310"><failure message="AssertionError: Expected 200, got 401: {&quot;detail&quot;:&quot;Not authenticated&quot;}&#10;assert 401 == 200&#10; +  where 401 = &lt;Response [401]&gt;.status_code">tests/test_file_upload_service.py:276: in test_upload_multiple_files
    assert response.status_code == 200, f"Expected 200, got {response.status_code}: {response.text}"
E   AssertionError: Expected 200, got 401: {"detail":"Not authenticated"}
E   assert 401 == 200
E    +  where 401 = &lt;Response [401]&gt;.status_code</failure></testcase><testcase classname="tests.test_file_upload_service.TestFileUploadService" name="test_upload_multiple_files_max_limit" time="0.299"><failure message="AssertionError: Expected 400, got 401&#10;assert 401 == 400&#10; +  where 401 = &lt;Response [401]&gt;.status_code">tests/test_file_upload_service.py:310: in test_upload_multiple_files_max_limit
    assert response.status_code == 400, f"Expected 400, got {response.status_code}"
E   AssertionError: Expected 400, got 401
E   assert 401 == 400
E    +  where 401 = &lt;Response [401]&gt;.status_code</failure></testcase><testcase classname="tests.test_file_upload_service.TestFileUploadService" name="test_reject_unsupported_file_type" time="0.296"><failure message="AssertionError: Expected 400, got 401&#10;assert 401 == 400&#10; +  where 401 = &lt;Response [401]&gt;.status_code">tests/test_file_upload_service.py:332: in test_reject_unsupported_file_type
    assert response.status_code == 400, f"Expected 400, got {response.status_code}"
E   AssertionError: Expected 400, got 401
E   assert 401 == 400
E    +  where 401 = &lt;Response [401]&gt;.status_code</failure></testcase><testcase classname="tests.test_file_upload_service.TestFileUploadService" name="test_reject_empty_file" time="0.294"><failure message="AssertionError: Expected 400, got 401&#10;assert 401 == 400&#10; +  where 401 = &lt;Response [401]&gt;.status_code">tests/test_file_upload_service.py:354: in test_reject_empty_file
    assert response.status_code == 400, f"Expected 400, got {response.status_code}"
E   AssertionError: Expected 400, got 401
E   assert 401 == 400
E    +  where 401 = &lt;Response [401]&gt;.status_code</failure></testcase><testcase classname="tests.test_file_upload_service.TestFileUploadService" name="test_reject_invalid_context" time="0.295"><failure message="AssertionError: Expected 400, got 401&#10;assert 401 == 400&#10; +  where 401 = &lt;Response [401]&gt;.status_code">tests/test_file_upload_service.py:372: in test_reject_invalid_context
    assert response.status_code == 400, f"Expected 400, got {response.status_code}"
E   AssertionError: Expected 400, got 401
E   assert 401 == 400
E    +  where 401 = &lt;Response [401]&gt;.status_code</failure></testcase><testcase classname="tests.test_file_upload_service.TestFileUploadService" name="test_list_files_for_tenant" time="0.302"><failure message="AssertionError: Expected 200, got 401&#10;assert 401 == 200&#10; +  where 401 = &lt;Response [401]&gt;.status_code">tests/test_file_upload_service.py:386: in test_list_files_for_tenant
    assert response.status_code == 200, f"Expected 200, got {response.status_code}"
E   AssertionError: Expected 200, got 401
E   assert 401 == 200
E    +  where 401 = &lt;Response [401]&gt;.status_code</failure></testcase><testcase classname="tests.test_file_upload_service.TestFileUploadService" name="test_list_files_with_context_filter" time="0.302"><failure message="AssertionError: Expected 200, got 401&#10;assert 401 == 200&#10; +  where 401 = &lt;Response [401]&gt;.status_code">tests/test_file_upload_service.py:405: in test_list_files_with_context_filter
    assert response.status_code == 200, f"Expected 200, got {response.status_code}"
E   AssertionError: Expected 200, got 401
E   assert 401 == 200
E    +  where 401 = &lt;Response [401]&gt;.status_code</failure></testcase><testcase classname="tests.test_file_upload_service.TestFileUploadService" name="test_list_files_with_category_filter" time="0.302"><failure message="AssertionError: Expected 200, got 401&#10;assert 401 == 200&#10; +  where 401 = &lt;Response [401]&gt;.status_code">tests/test_file_upload_service.py:424: in test_list_files_with_category_filter
    assert response.status_code == 200, f"Expected 200, got {response.status_code}"
E   AssertionError: Expected 200, got 401
E   assert 401 == 200
E    +  where 401 = &lt;Response [401]&gt;.status_code</failure></testcase><testcase classname="tests.test_file_upload_service.TestFileUploadService" name="test_serve_uploaded_file" time="0.293"><failure message="AssertionError: Upload should succeed&#10;assert 401 == 200&#10; +  where 401 = &lt;Response [401]&gt;.status_code">tests/test_file_upload_service.py:451: in test_serve_uploaded_file
    assert upload_response.status_code == 200, "Upload should succeed"
E   AssertionError: Upload should succeed
E   assert 401 == 200
E    +  where 401 = &lt;Response [401]&gt;.status_code</failure></testcase><testcase classname="tests.test_file_upload_service.TestFileUploadService" name="test_serve_thumbnail" time="0.296"><failure message="AssertionError: Upload should succeed&#10;assert 401 == 200&#10; +  where 401 = &lt;Response [401]&gt;.status_code">tests/test_file_upload_service.py:481: in test_serve_thumbnail
    assert upload_response.status_code == 200, "Upload should succeed"
E   AssertionError: Upload should succeed
E   assert 401 == 200
E    +  where 401 = &lt;Response [401]&gt;.status_code</failure></testcase><testcase classname="tests.test_file_upload_service.TestFileUploadService" name="test_serve_nonexistent_file" time="0.036" /><testcase classname="tests.test_file_upload_service.TestFileUploadService" name="test_serve_file_path_traversal_blocked" time="0.038" /><testcase classname="tests.test_file_upload_service.TestFileUploadService" name="test_delete_file" time="0.317"><failure message="AssertionError: Upload should succeed&#10;assert 401 == 200&#10; +  where 401 = &lt;Response [401]&gt;.status_code">tests/test_file_upload_service.py:535: in test_delete_file
    assert upload_response.status_code == 200, "Upload should succeed"
E   AssertionError: Upload should succeed
E   assert 401 == 200
E    +  where 401 = &lt;Response [401]&gt;.status_code</failure></testcase><testcase classname="tests.test_file_upload_service.TestFileUploadService" name="test_delete_nonexistent_file" time="0.293"><failure message="AssertionError: Expected 404, got 401&#10;assert 401 == 404&#10; +  where 401 = &lt;Response [401]&gt;.status_code">tests/test_file_upload_service.py:563: in test_delete_nonexistent_file
    assert response.status_code == 404, f"Expected 404, got {response.status_code}"
E   AssertionError: Expected 404, got 401
E   assert 401 == 404
E    +  where 401 = &lt;Response [401]&gt;.status_code</failure></testcase><testcase classname="tests.test_file_upload_service.TestFileUploadService" name="test_get_property_media" time="0.298"><failure message="AssertionError: Expected 200, got 401&#10;assert 401 == 200&#10; +  where 401 = &lt;Response [401]&gt;.status_code">tests/test_file_upload_service.py:580: in test_get_property_media
    assert response.status_code == 200, f"Expected 200, got {response.status_code}"
E   AssertionError: Expected 200, got 401
E   assert 401 == 200
E    +  where 401 = &lt;Response [401]&gt;.status_code</failure></testcase><testcase classname="tests.test_file_upload_service.TestFileUploadService" name="test_get_file_by_id" time="0.298"><failure message="AssertionError: Upload should succeed&#10;assert 401 == 200&#10; +  where 401 = &lt;Response [401]&gt;.status_code">tests/test_file_upload_service.py:612: in test_get_file_by_id
    assert upload_response.status_code == 200, "Upload should succeed"
E   AssertionError: Upload should succeed
E   assert 401 == 200
E    +  where 401 = &lt;Response [401]&gt;.status_code</failure></testcase><testcase classname="tests.test_file_upload_service.TestFileUploadService" name="test_get_file_by_id_not_found" time="0.299"><failure message="AssertionError: Expected 404, got 401&#10;assert 401 == 404&#10; +  where 401 = &lt;Response [401]&gt;.status_code">tests/test_file_upload_service.py:644: in test_get_file_by_id_not_found
    assert response.status_code == 404, f"Expected 404, got {response.status_code}"
E   AssertionError: Expected 404, got 401
E   assert 401 == 404
E    +  where 401 = &lt;Response [401]&gt;.status_code</failure></testcase></testsuite></testsuites>