<?xml version="1.0" encoding="utf-8"?><testsuites name="pytest tests"><testsuite name="pytest" errors="0" failures="0" skipped="0" tests="14" time="4.831" timestamp="2026-01-13T11:08:31.444077+00:00" hostname="agent-env-1441ffac-3f17-43d0-ba98-099e24be95c6"><testcase classname="tests.test_remember_me_stripe.TestRememberMeFunctionality" name="test_login_with_remember_me_true" time="0.297" /><testcase classname="tests.test_remember_me_stripe.TestRememberMeFunctionality" name="test_login_with_remember_me_false" time="0.302" /><testcase classname="tests.test_remember_me_stripe.TestRememberMeFunctionality" name="test_login_without_remember_me_defaults_to_false" time="0.258" /><testcase classname="tests.test_remember_me_stripe.TestRememberMeFunctionality" name="test_login_user_data_returned" time="0.296" /><testcase classname="tests.test_remember_me_stripe.TestStripePaymentPackages" name="test_get_payment_packages" time="0.293" /><testcase classname="tests.test_remember_me_stripe.TestStripePaymentStats" name="test_get_payment_stats" time="0.339" /><testcase classname="tests.test_remember_me_stripe.TestStripeCheckoutSession" name="test_create_checkout_session_with_custom_amount" time="0.654" /><testcase classname="tests.test_remember_me_stripe.TestStripeCheckoutSession" name="test_create_checkout_session_with_booking_token_package" time="0.639" /><testcase classname="tests.test_remember_me_stripe.TestStripeCheckoutSession" name="test_create_checkout_session_works_without_auth" time="0.657" /><testcase classname="tests.test_remember_me_stripe.TestStripeTransactions" name="test_get_transactions_list" time="0.341" /><testcase classname="tests.test_remember_me_stripe.TestStripeTransactions" name="test_get_transactions_with_status_filter" time="0.294" /><testcase classname="tests.test_remember_me_stripe.TestAuthenticationEndpoints" name="test_login_invalid_credentials" time="0.034" /><testcase classname="tests.test_remember_me_stripe.TestAuthenticationEndpoints" name="test_login_missing_password" time="0.036" /><testcase classname="tests.test_remember_me_stripe.TestAuthenticationEndpoints" name="test_get_current_user" time="0.290" /></testsuite></testsuites>