<?xml version="1.0" encoding="utf-8"?><testsuites name="pytest tests"><testsuite name="pytest" errors="0" failures="0" skipped="0" tests="13" time="4.089" timestamp="2026-01-17T13:14:22.510971+00:00" hostname="agent-env-14ad12fd-a852-4ded-8680-e481f45c3538"><testcase classname="tests.test_project_pricing.TestProjectPricingAPIs" name="test_get_unit_types" time="0.347" /><testcase classname="tests.test_project_pricing.TestProjectPricingAPIs" name="test_get_charge_presets" time="0.315" /><testcase classname="tests.test_project_pricing.TestProjectPricingAPIs" name="test_get_project_pricing_config" time="0.309" /><testcase classname="tests.test_project_pricing.TestProjectPricingAPIs" name="test_get_project_pricing_nonexistent_project" time="0.320" /><testcase classname="tests.test_project_pricing.TestProjectPricingAPIs" name="test_create_or_update_project_pricing" time="0.279" /><testcase classname="tests.test_project_pricing.TestProjectPricingAPIs" name="test_partial_update_project_pricing" time="0.328" /><testcase classname="tests.test_project_pricing.TestProjectPricingAPIs" name="test_add_additional_charge" time="0.275" /><testcase classname="tests.test_project_pricing.TestProjectPricingAPIs" name="test_remove_additional_charge" time="0.328" /><testcase classname="tests.test_project_pricing.TestProjectPricingAPIs" name="test_get_property_price_breakdown" time="0.276" /><testcase classname="tests.test_project_pricing.TestProjectPricingAPIs" name="test_get_property_breakdown_nonexistent" time="0.313" /><testcase classname="tests.test_project_pricing.TestProjectPricingAPIs" name="test_apply_pricing_to_properties" time="0.324" /><testcase classname="tests.test_project_pricing.TestProjectPricingAPIs" name="test_booking_amount_percentage_type" time="0.336" /><testcase classname="tests.test_project_pricing.TestProjectPricingAPIs" name="test_cleanup_test_charges" time="0.277" /></testsuite></testsuites>