<?xml version="1.0" encoding="utf-8"?><testsuites name="pytest tests"><testsuite name="pytest" errors="0" failures="0" skipped="0" tests="24" time="3.058" timestamp="2026-01-12T09:59:09.142035+00:00" hostname="agent-env-c16920f8-d80b-4a31-92d9-055b5fcbe829"><testcase classname="tests.test_receipts_vendor_mgmt.TestAuth" name="test_login_success" time="0.298" /><testcase classname="tests.test_receipts_vendor_mgmt.TestReceiptGeneration" name="test_payment_receipt_generation" time="0.313" /><testcase classname="tests.test_receipts_vendor_mgmt.TestReceiptGeneration" name="test_payment_receipt_download" time="0.046" /><testcase classname="tests.test_receipts_vendor_mgmt.TestReceiptGeneration" name="test_emi_schedule_pdf_generation" time="0.050" /><testcase classname="tests.test_receipts_vendor_mgmt.TestReceiptGeneration" name="test_receipt_history" time="0.038" /><testcase classname="tests.test_receipts_vendor_mgmt.TestReceiptGeneration" name="test_receipt_not_found" time="0.037" /><testcase classname="tests.test_receipts_vendor_mgmt.TestReceiptGeneration" name="test_receipt_requires_auth" time="0.045" /><testcase classname="tests.test_receipts_vendor_mgmt.TestVendorManagement" name="test_vendor_stats" time="0.338" /><testcase classname="tests.test_receipts_vendor_mgmt.TestVendorManagement" name="test_get_vendors" time="0.040" /><testcase classname="tests.test_receipts_vendor_mgmt.TestVendorManagement" name="test_get_vendor_by_id" time="0.072" /><testcase classname="tests.test_receipts_vendor_mgmt.TestVendorManagement" name="test_update_vendor" time="0.077" /><testcase classname="tests.test_receipts_vendor_mgmt.TestVendorManagement" name="test_vendor_search_filter" time="0.042" /><testcase classname="tests.test_receipts_vendor_mgmt.TestVendorManagement" name="test_vendor_category_filter" time="0.042" /><testcase classname="tests.test_receipts_vendor_mgmt.TestVendorManagement" name="test_vendor_status_filter" time="0.045" /><testcase classname="tests.test_receipts_vendor_mgmt.TestVendorManagement" name="test_vendor_requires_auth" time="0.034" /><testcase classname="tests.test_receipts_vendor_mgmt.TestBillManagement" name="test_create_bill" time="0.372" /><testcase classname="tests.test_receipts_vendor_mgmt.TestBillManagement" name="test_get_bills" time="0.036" /><testcase classname="tests.test_receipts_vendor_mgmt.TestBillManagement" name="test_get_bill_by_id" time="0.078" /><testcase classname="tests.test_receipts_vendor_mgmt.TestBillManagement" name="test_update_bill" time="0.038" /><testcase classname="tests.test_receipts_vendor_mgmt.TestPaymentRecording" name="test_record_payment" time="0.371" /><testcase classname="tests.test_receipts_vendor_mgmt.TestPaymentRecording" name="test_payment_updates_bill_status" time="0.034" /><testcase classname="tests.test_receipts_vendor_mgmt.TestPaymentRecording" name="test_get_payments" time="0.038" /><testcase classname="tests.test_receipts_vendor_mgmt.TestPaymentRecording" name="test_full_payment_marks_bill_paid" time="0.074" /><testcase classname="tests.test_receipts_vendor_mgmt.TestVendorDeletion" name="test_delete_vendor_without_pending_bills" time="0.409" /></testsuite></testsuites>