<?xml version="1.0" encoding="utf-8"?><testsuites name="pytest tests"><testsuite name="pytest" errors="0" failures="0" skipped="0" tests="24" time="6.617" timestamp="2026-01-17T11:22:56.669363+00:00" hostname="agent-env-8147d490-a4a1-4980-b75a-b7c998566f44"><testcase classname="tests.test_file_upload_service.TestFileUploadService" name="test_upload_requires_authentication" time="0.072" /><testcase classname="tests.test_file_upload_service.TestFileUploadService" name="test_list_files_requires_authentication" time="0.039" /><testcase classname="tests.test_file_upload_service.TestFileUploadService" name="test_upload_single_image_png" time="0.304" /><testcase classname="tests.test_file_upload_service.TestFileUploadService" name="test_upload_single_image_jpeg" time="0.309" /><testcase classname="tests.test_file_upload_service.TestFileUploadService" name="test_upload_pdf_document" time="0.303" /><testcase classname="tests.test_file_upload_service.TestFileUploadService" name="test_upload_with_context_property_media" time="0.341" /><testcase classname="tests.test_file_upload_service.TestFileUploadService" name="test_upload_with_description" time="0.340" /><testcase classname="tests.test_file_upload_service.TestFileUploadService" name="test_upload_multiple_files" time="0.298" /><testcase classname="tests.test_file_upload_service.TestFileUploadService" name="test_upload_multiple_files_max_limit" time="0.301" /><testcase classname="tests.test_file_upload_service.TestFileUploadService" name="test_reject_unsupported_file_type" time="0.295" /><testcase classname="tests.test_file_upload_service.TestFileUploadService" name="test_reject_empty_file" time="0.301" /><testcase classname="tests.test_file_upload_service.TestFileUploadService" name="test_reject_invalid_context" time="0.296" /><testcase classname="tests.test_file_upload_service.TestFileUploadService" name="test_list_files_for_tenant" time="0.301" /><testcase classname="tests.test_file_upload_service.TestFileUploadService" name="test_list_files_with_context_filter" time="0.301" /><testcase classname="tests.test_file_upload_service.TestFileUploadService" name="test_list_files_with_category_filter" time="0.296" /><testcase classname="tests.test_file_upload_service.TestFileUploadService" name="test_serve_uploaded_file" time="0.335" /><testcase classname="tests.test_file_upload_service.TestFileUploadService" name="test_serve_thumbnail" time="0.339" /><testcase classname="tests.test_file_upload_service.TestFileUploadService" name="test_serve_nonexistent_file" time="0.037" /><testcase classname="tests.test_file_upload_service.TestFileUploadService" name="test_serve_file_path_traversal_blocked" time="0.079" /><testcase classname="tests.test_file_upload_service.TestFileUploadService" name="test_delete_file" time="0.408" /><testcase classname="tests.test_file_upload_service.TestFileUploadService" name="test_delete_nonexistent_file" time="0.301" /><testcase classname="tests.test_file_upload_service.TestFileUploadService" name="test_get_property_media" time="0.298" /><testcase classname="tests.test_file_upload_service.TestFileUploadService" name="test_get_file_by_id" time="0.333" /><testcase classname="tests.test_file_upload_service.TestFileUploadService" name="test_get_file_by_id_not_found" time="0.300" /></testsuite></testsuites>