<?xml version="1.0" encoding="utf-8"?><testsuites name="pytest tests"><testsuite name="pytest" errors="0" failures="0" skipped="2" tests="15" time="2.645" timestamp="2026-01-17T11:09:48.593611+00:00" hostname="agent-env-8147d490-a4a1-4980-b75a-b7c998566f44"><testcase classname="tests.test_pdf_service.TestPDFServiceAuth" name="test_login_success" time="0.283" /><testcase classname="tests.test_pdf_service.TestBookingConfirmationPDF" name="test_booking_confirmation_pdf_returns_pdf" time="0.318" /><testcase classname="tests.test_pdf_service.TestBookingConfirmationPDF" name="test_booking_confirmation_pdf_invalid_id" time="0.039" /><testcase classname="tests.test_pdf_service.TestBookingConfirmationPDF" name="test_booking_confirmation_pdf_no_auth" time="0.037" /><testcase classname="tests.test_pdf_service.TestPaymentSchedulePDF" name="test_payment_schedule_pdf_returns_pdf" time="0.305" /><testcase classname="tests.test_pdf_service.TestPaymentSchedulePDF" name="test_payment_schedule_pdf_invalid_id" time="0.041" /><testcase classname="tests.test_pdf_service.TestAllotmentLetterPDF" name="test_allotment_letter_pdf_returns_pdf" time="0.313" /><testcase classname="tests.test_pdf_service.TestAllotmentLetterPDF" name="test_allotment_letter_pdf_invalid_id" time="0.039" /><testcase classname="tests.test_pdf_service.TestPaymentReceiptPDF" name="test_payment_receipt_pdf_returns_pdf" time="0.375"><skipped type="pytest.skip" message="No payment found for testing">/app/tests/test_pdf_service.py:260: No payment found for testing</skipped></testcase><testcase classname="tests.test_pdf_service.TestPaymentReceiptPDF" name="test_payment_receipt_pdf_invalid_id" time="0.078" /><testcase classname="tests.test_pdf_service.TestCustomerStatementPDF" name="test_customer_statement_pdf_returns_pdf" time="0.298"><skipped type="pytest.skip" message="No customer found for testing">/app/tests/test_pdf_service.py:320: No customer found for testing</skipped></testcase><testcase classname="tests.test_pdf_service.TestCustomerStatementPDF" name="test_customer_statement_pdf_invalid_id" time="0.039" /><testcase classname="tests.test_pdf_service.TestPDFContentValidation" name="test_booking_confirmation_pdf_size" time="0.312" /><testcase classname="tests.test_pdf_service.TestPDFContentValidation" name="test_payment_schedule_pdf_size" time="0.049" /><testcase classname="tests.test_pdf_service.TestPDFContentValidation" name="test_allotment_letter_pdf_size" time="0.049" /></testsuite></testsuites>