<?xml version="1.0" encoding="utf-8"?><testsuites name="pytest tests"><testsuite name="pytest" errors="0" failures="1" skipped="0" tests="15" time="2.210" timestamp="2026-01-12T03:45:25.107868+00:00" hostname="agent-env-1ff34f67-12a2-4653-938f-7a82d3af75cc"><testcase classname="tests.test_layout_api.TestPublicLayoutAPI" name="test_public_layout_endpoint_returns_200" time="0.102" /><testcase classname="tests.test_layout_api.TestPublicLayoutAPI" name="test_public_layout_returns_layout_data" time="0.044" /><testcase classname="tests.test_layout_api.TestPublicLayoutAPI" name="test_public_layout_has_correct_plot_count" time="0.042" /><testcase classname="tests.test_layout_api.TestPublicLayoutAPI" name="test_public_layout_plot_statuses" time="0.040" /><testcase classname="tests.test_layout_api.TestPublicLayoutAPI" name="test_public_layout_plot_coordinates_structure" time="0.041" /><testcase classname="tests.test_layout_api.TestPublicLayoutAPI" name="test_public_layout_plot_has_required_fields" time="0.044" /><testcase classname="tests.test_layout_api.TestPublicLayoutAPI" name="test_public_layout_project_info" time="0.037" /><testcase classname="tests.test_layout_api.TestPublicLayoutAPI" name="test_public_layout_svg_url_accessible" time="0.089" /><testcase classname="tests.test_layout_api.TestPublicLayoutAPI" name="test_public_layout_invalid_project_returns_404" time="0.038" /><testcase classname="tests.test_layout_api.TestAuthenticatedLayoutAPI" name="test_authenticated_layout_endpoint" time="0.310" /><testcase classname="tests.test_layout_api.TestAuthenticatedLayoutAPI" name="test_authenticated_layout_returns_full_data" time="0.312" /><testcase classname="tests.test_layout_api.TestProjectsAPI" name="test_projects_list_endpoint" time="0.334"><failure message="assert 401 == 200&#10; +  where 401 = &lt;Response [401]&gt;.status_code">tests/test_layout_api.py:182: in test_projects_list_endpoint
    assert response.status_code == 200
E   assert 401 == 200
E    +  where 401 = &lt;Response [401]&gt;.status_code</failure></testcase><testcase classname="tests.test_layout_api.TestProjectsAPI" name="test_project_detail_endpoint" time="0.303" /><testcase classname="tests.test_layout_api.TestAuthAPI" name="test_login_with_valid_credentials" time="0.258" /><testcase classname="tests.test_layout_api.TestAuthAPI" name="test_login_with_invalid_credentials" time="0.040" /></testsuite></testsuites>