<?xml version="1.0" encoding="utf-8"?><testsuites name="pytest tests"><testsuite name="pytest" errors="0" failures="2" skipped="0" tests="14" time="3.916" timestamp="2026-01-23T07:07:29.989145+00:00" hostname="agent-env-76f02042-ec3c-4a73-9e41-b57fe751ee0e"><testcase classname="tests.test_realapex_comprehensive.TestHealthCheck" name="test_api_health" time="0.077" /><testcase classname="tests.test_realapex_comprehensive.TestAuthentication" name="test_tenant_admin_login" time="0.267" /><testcase classname="tests.test_realapex_comprehensive.TestAuthentication" name="test_super_admin_login" time="0.264" /><testcase classname="tests.test_realapex_comprehensive.TestAuthentication" name="test_invalid_login" time="0.039" /><testcase classname="tests.test_realapex_comprehensive.TestProjectsAPI" name="test_get_projects" time="0.308" /><testcase classname="tests.test_realapex_comprehensive.TestLeadsAPI" name="test_get_leads" time="0.324"><failure message="assert 401 == 200&#10; +  where 401 = &lt;Response [401]&gt;.status_code">tests/test_realapex_comprehensive.py:105: in test_get_leads
    assert response.status_code == 200
E   assert 401 == 200
E    +  where 401 = &lt;Response [401]&gt;.status_code</failure></testcase><testcase classname="tests.test_realapex_comprehensive.TestBookingsAPI" name="test_get_bookings" time="0.305" /><testcase classname="tests.test_realapex_comprehensive.TestAnalyticsAPI" name="test_dashboard_analytics" time="0.309" /><testcase classname="tests.test_realapex_comprehensive.TestPropertiesAPI" name="test_get_properties_by_project" time="0.349" /><testcase classname="tests.test_realapex_comprehensive.TestLayoutsAPI" name="test_get_project_layout" time="0.343" /><testcase classname="tests.test_realapex_comprehensive.TestSaaSAdminAPI" name="test_saas_dashboard" time="0.310"><failure message="assert 404 in [200, 403]&#10; +  where 404 = &lt;Response [404]&gt;.status_code">tests/test_realapex_comprehensive.py:205: in test_saas_dashboard
    assert response.status_code in [200, 403]
E   assert 404 in [200, 403]
E    +  where 404 = &lt;Response [404]&gt;.status_code</failure></testcase><testcase classname="tests.test_realapex_comprehensive.TestTenantsAPI" name="test_get_my_tenant" time="0.312" /><testcase classname="tests.test_realapex_comprehensive.TestCategoriesAPI" name="test_get_categories" time="0.303" /><testcase classname="tests.test_realapex_comprehensive.TestSubscriptionsAPI" name="test_get_current_subscription" time="0.302" /></testsuite></testsuites>